[0.010s] Invoking command in '/home/ram/ras_docker/ros2_pkgs/ras_bt_framework/build/ras_bt_framework': CMAKE_PREFIX_PATH=${CMAKE_PREFIX_PATH}:/opt/ros/humble /usr/bin/cmake /home/ram/ras_docker/ros2_pkgs/ras_bt_framework -DCMAKE_INSTALL_PREFIX=/home/ram/ras_docker/ros2_pkgs/ras_bt_framework/install/ras_bt_framework
[0.021s] -- Found ament_cmake: 1.3.11 (/opt/ros/humble/share/ament_cmake/cmake)
[0.123s] -- Found behaviortree_cpp: 4.6.2 (/opt/ros/humble/share/behaviortree_cpp/cmake)
[0.125s] -- Found rclcpp: 16.0.12 (/opt/ros/humble/share/rclcpp/cmake)
[0.149s] -- Found rosidl_generator_c: 3.1.6 (/opt/ros/humble/share/rosidl_generator_c/cmake)
[0.151s] -- Found rosidl_adapter: 3.1.6 (/opt/ros/humble/share/rosidl_adapter/cmake)
[0.156s] -- Found rosidl_generator_cpp: 3.1.6 (/opt/ros/humble/share/rosidl_generator_cpp/cmake)
[0.163s] -- Using all available rosidl_typesupport_c: rosidl_typesupport_fastrtps_c;rosidl_typesupport_introspection_c
[0.172s] -- Using all available rosidl_typesupport_cpp: rosidl_typesupport_fastrtps_cpp;rosidl_typesupport_introspection_cpp
[0.197s] -- Found rmw_implementation_cmake: 6.1.2 (/opt/ros/humble/share/rmw_implementation_cmake/cmake)
[0.198s] -- Found rmw_fastrtps_cpp: 6.2.7 (/opt/ros/humble/share/rmw_fastrtps_cpp/cmake)
[0.300s] -- Using RMW implementation 'rmw_fastrtps_cpp' as default
[0.339s] -- Found moveit_ros_planning_interface: 2.5.8 (/opt/ros/humble/share/moveit_ros_planning_interface/cmake)
[0.347s] -- Found Boost: /usr/lib/x86_64-linux-gnu/cmake/Boost-1.74.0/BoostConfig.cmake (found version "1.74.0") found components: date_time filesystem program_options system thread 
[0.471s] -- Found Boost: /usr/lib/x86_64-linux-gnu/cmake/Boost-1.74.0/BoostConfig.cmake (found version "1.74.0") found components: chrono date_time filesystem iostreams program_options regex serialization system thread 
[0.489s] -- Found parameter_traits: 0.4.0 (/opt/ros/humble/share/parameter_traits/cmake)
[0.495s] -- Found rclcpp_lifecycle: 16.0.12 (/opt/ros/humble/share/rclcpp_lifecycle/cmake)
[0.511s] -- Found Boost: /usr/lib/x86_64-linux-gnu/cmake/Boost-1.74.0/BoostConfig.cmake (found version "1.74.0") found components: filesystem 
[0.543s] -- library: /usr/lib/x86_64-linux-gnu/libcurl.so
[0.565s] -- Ensuring Eigen3 include directory is part of orocos-kdl CMake target
[0.652s] -- Found Boost: /usr/lib/x86_64-linux-gnu/cmake/Boost-1.74.0/BoostConfig.cmake (found version "1.74.0") found components: system filesystem date_time program_options thread chrono 
[0.674s] -- Found Boost: /usr/lib/x86_64-linux-gnu/cmake/Boost-1.74.0/BoostConfig.cmake (found version "1.74.0") found components: thread system filesystem regex date_time program_options 
[0.690s] -- Found Boost: /usr/lib/x86_64-linux-gnu/cmake/Boost-1.74.0/BoostConfig.cmake (found version "1.74.0") found components: system filesystem date_time program_options thread 
[0.711s] -- Found interactive_markers: 2.3.2 (/opt/ros/humble/share/interactive_markers/cmake)
[0.713s] -- Found control_msgs: 4.8.0 (/opt/ros/humble/share/control_msgs/cmake)
[0.733s] -- Found ras_interfaces: 5.3.2 (/home/ram/ras_docker/ros2_pkgs/install/ras_interfaces/share/ras_interfaces/cmake)
[0.837s] -- Found ament_lint_auto: 0.12.12 (/opt/ros/humble/share/ament_lint_auto/cmake)
[0.928s] -- Added test 'cppcheck' to perform static code analysis on C / C++ code
[0.928s] -- Configured cppcheck include dirs: /home/ram/ras_docker/ros2_pkgs/ras_bt_framework/include
[0.928s] -- Configured cppcheck exclude dirs and/or files: 
[0.931s] -- Added test 'flake8' to check Python code syntax and style conventions
[0.937s] -- Added test 'lint_cmake' to check CMake code style
[0.940s] -- Added test 'pep257' to check Python code against some of the docstring style conventions in PEP 257
[0.959s] -- Added test 'uncrustify' to check C / C++ code style
[0.959s] -- Configured uncrustify additional arguments: 
[0.962s] -- Added test 'xmllint' to check XML markup files
[0.963s] -- Configuring done
[0.982s] -- Generating done
[0.989s] -- Build files have been written to: /home/ram/ras_docker/ros2_pkgs/ras_bt_framework/build/ras_bt_framework
[1.000s] Invoked command in '/home/ram/ras_docker/ros2_pkgs/ras_bt_framework/build/ras_bt_framework' returned '0': CMAKE_PREFIX_PATH=${CMAKE_PREFIX_PATH}:/opt/ros/humble /usr/bin/cmake /home/ram/ras_docker/ros2_pkgs/ras_bt_framework -DCMAKE_INSTALL_PREFIX=/home/ram/ras_docker/ros2_pkgs/ras_bt_framework/install/ras_bt_framework
[1.002s] Invoking command in '/home/ram/ras_docker/ros2_pkgs/ras_bt_framework/build/ras_bt_framework': CMAKE_PREFIX_PATH=${CMAKE_PREFIX_PATH}:/opt/ros/humble /usr/bin/cmake --build /home/ram/ras_docker/ros2_pkgs/ras_bt_framework/build/ras_bt_framework -- -j12 -l12
[1.055s] [ 20%] [32mBuilding CXX object CMakeFiles/examples.dir/src/examples.cpp.o[0m
[1.055s] [ 60%] [32mBuilding CXX object CMakeFiles/executor.dir/src/BTExecutor.cpp.o[0m
[1.055s] [ 60%] [32mBuilding CXX object CMakeFiles/executor.dir/src/executor.cpp.o[0m
[1.066s] [ 60%] Built target ament_cmake_python_copy_ras_bt_framework
[1.281s] running egg_info
[1.281s] creating ras_bt_framework.egg-info
[1.281s] writing ras_bt_framework.egg-info/PKG-INFO
[1.282s] writing dependency_links to ras_bt_framework.egg-info/dependency_links.txt
[1.282s] writing top-level names to ras_bt_framework.egg-info/top_level.txt
[1.282s] writing manifest file 'ras_bt_framework.egg-info/SOURCES.txt'
[1.284s] reading manifest file 'ras_bt_framework.egg-info/SOURCES.txt'
[1.284s] writing manifest file 'ras_bt_framework.egg-info/SOURCES.txt'
[1.310s] [ 60%] Built target ament_cmake_python_build_ras_bt_framework_egg
[4.319s] In file included from [01m[K/home/ram/ras_docker/ros2_pkgs/ras_bt_framework/include/ras_bt_framework/BtFactory.hpp:31[m[K,
[4.319s]                  from [01m[K/home/ram/ras_docker/ros2_pkgs/ras_bt_framework/src/executor.cpp:24[m[K:
[4.320s] [01m[K/home/ram/ras_docker/ros2_pkgs/ras_bt_framework/include/ras_bt_framework/primitives/move_to_pose.hpp:[m[K In member function â€˜[01m[Kvoid ras_bt_framework::MoveToPose::move_to_pose_response(rclcpp::Client<ras_interfaces::srv::PoseReq>::SharedFuture)[m[Kâ€™:
[4.320s] [01m[K/home/ram/ras_docker/ros2_pkgs/ras_bt_framework/include/ras_bt_framework/primitives/move_to_pose.hpp:103:95:[m[K [01;35m[Kwarning: [m[Kunused parameter â€˜[01m[Kfuture[m[Kâ€™ [[01;35m[K]8;;https://gcc.gnu.org/onlinedocs/gcc/Warning-Options.html#index-Wunused-parameter-Wunused-parameter]8;;[m[K]
[4.320s]   103 |         void move_to_pose_response([01;35m[Krclcpp::Client<ras_interfaces::srv::PoseReq>::SharedFuture future[m[K) {
[4.320s]       |                                    [01;35m[K~~~~~~~~~~~~~~~~~~~~~~~~~~~~~~~~~~~~~~~~~~~~~~~~~~~~~~~~~~~^~~~~~[m[K
[4.338s] In file included from [01m[K/opt/ros/humble/include/rclcpp/rclcpp/logging.hpp:24[m[K,
[4.338s]                  from [01m[K/opt/ros/humble/include/rclcpp/rclcpp/client.hpp:40[m[K,
[4.338s]                  from [01m[K/opt/ros/humble/include/rclcpp/rclcpp/callback_group.hpp:24[m[K,
[4.338s]                  from [01m[K/opt/ros/humble/include/rclcpp/rclcpp/any_executable.hpp:20[m[K,
[4.338s]                  from [01m[K/opt/ros/humble/include/rclcpp/rclcpp/memory_strategy.hpp:25[m[K,
[4.338s]                  from [01m[K/opt/ros/humble/include/rclcpp/rclcpp/memory_strategies.hpp:18[m[K,
[4.339s]                  from [01m[K/opt/ros/humble/include/rclcpp/rclcpp/executor_options.hpp:20[m[K,
[4.339s]                  from [01m[K/opt/ros/humble/include/rclcpp/rclcpp/executor.hpp:37[m[K,
[4.339s]                  from [01m[K/opt/ros/humble/include/rclcpp/rclcpp/executors/multi_threaded_executor.hpp:25[m[K,
[4.339s]                  from [01m[K/opt/ros/humble/include/rclcpp/rclcpp/executors.hpp:21[m[K,
[4.339s]                  from [01m[K/opt/ros/humble/include/rclcpp/rclcpp/rclcpp.hpp:155[m[K,
[4.339s]                  from [01m[K/home/ram/ras_docker/ros2_pkgs/ras_bt_framework/include/ras_bt_framework/BtExecutor.hpp:25[m[K,
[4.339s]                  from [01m[K/home/ram/ras_docker/ros2_pkgs/ras_bt_framework/src/BTExecutor.cpp:23[m[K:
[4.339s] [01m[K/home/ram/ras_docker/ros2_pkgs/ras_bt_framework/src/BTExecutor.cpp:[m[K In member function â€˜[01m[Krclcpp_action::GoalResponse ras_bt_framework::BTExecutor::handle_goal(const GoalUUID&, std::shared_ptr<const ras_interfaces::action::BTInterface_Goal_<std::allocator<void> > >)[m[Kâ€™:
[4.339s] [01m[K/home/ram/ras_docker/ros2_pkgs/ras_bt_framework/src/BTExecutor.cpp:42:41:[m[K [01;35m[Kwarning: [m[Kformat â€˜[01m[K%d[m[Kâ€™ expects argument of type â€˜[01m[Kint[m[Kâ€™, but argument 5 has type â€˜[01m[Kconst _bt_path_type[m[Kâ€™ {aka â€˜[01m[Kconst std::__cxx11::basic_string<char>[m[Kâ€™} [[01;35m[K]8;;https://gcc.gnu.org/onlinedocs/gcc/Warning-Options.html#index-Wformat=-Wformat=]8;;[m[K]
[4.339s]    42 |         RCLCPP_INFO(this->get_logger(), [01;35m[K"Received goal request with id %d"[m[K, goal->bt_path);
[4.340s]       |                                         [01;35m[K^~~~~~~~~~~~~~~~~~~~~~~~~~~~~~~~~~[m[K
[4.340s] [01m[K/home/ram/ras_docker/ros2_pkgs/ras_bt_framework/src/BTExecutor.cpp:42:73:[m[K [01;36m[Knote: [m[Kformat string is defined here
[4.340s]    42 |         RCLCPP_INFO(this->get_logger(), "Received goal request with id [01;36m[K%d[m[K", goal->bt_path);
[4.340s]       |                                                                        [01;36m[K~^[m[K
[4.340s]       |                                                                         [01;36m[K|[m[K
[4.340s]       |                                                                         [01;36m[Kint[m[K
[4.356s] In file included from [01m[K/opt/ros/humble/include/rclcpp/rclcpp/logging.hpp:24[m[K,
[4.356s]                  from [01m[K/opt/ros/humble/include/rclcpp/rclcpp/client.hpp:40[m[K,
[4.357s]                  from [01m[K/opt/ros/humble/include/rclcpp/rclcpp/callback_group.hpp:24[m[K,
[4.357s]                  from [01m[K/opt/ros/humble/include/rclcpp/rclcpp/any_executable.hpp:20[m[K,
[4.357s]                  from [01m[K/opt/ros/humble/include/rclcpp/rclcpp/memory_strategy.hpp:25[m[K,
[4.357s]                  from [01m[K/opt/ros/humble/include/rclcpp/rclcpp/memory_strategies.hpp:18[m[K,
[4.357s]                  from [01m[K/opt/ros/humble/include/rclcpp/rclcpp/executor_options.hpp:20[m[K,
[4.357s]                  from [01m[K/opt/ros/humble/include/rclcpp/rclcpp/executor.hpp:37[m[K,
[4.357s]                  from [01m[K/opt/ros/humble/include/rclcpp/rclcpp/executors/multi_threaded_executor.hpp:25[m[K,
[4.358s]                  from [01m[K/opt/ros/humble/include/rclcpp/rclcpp/executors.hpp:21[m[K,
[4.358s]                  from [01m[K/opt/ros/humble/include/rclcpp/rclcpp/rclcpp.hpp:155[m[K,
[4.358s]                  from [01m[K/home/ram/ras_docker/ros2_pkgs/ras_bt_framework/include/ras_bt_framework/BtExecutor.hpp:25[m[K,
[4.358s]                  from [01m[K/home/ram/ras_docker/ros2_pkgs/ras_bt_framework/src/BTExecutor.cpp:23[m[K:
[4.358s] [01m[K/home/ram/ras_docker/ros2_pkgs/ras_bt_framework/src/BTExecutor.cpp:[m[K In member function â€˜[01m[Kvoid ras_bt_framework::BTExecutor::bt_tick_handler(ras_interfaces::srv::PrimitiveExec_Request_<std::allocator<void> >::SharedPtr, ras_interfaces::srv::PrimitiveExec_Response_<std::allocator<void> >::SharedPtr)[m[Kâ€™:
[4.358s] [01m[K/home/ram/ras_docker/ros2_pkgs/ras_bt_framework/src/BTExecutor.cpp:167:41:[m[K [01;35m[Kwarning: [m[Kformat â€˜[01m[K%d[m[Kâ€™ expects argument of type â€˜[01m[Kint[m[Kâ€™, but argument 5 has type â€˜[01m[KBT::NodeStatus[m[Kâ€™ [[01;35m[K]8;;https://gcc.gnu.org/onlinedocs/gcc/Warning-Options.html#index-Wformat=-Wformat=]8;;[m[K]
[4.358s]   167 |         RCLCPP_INFO(this->get_logger(), [01;35m[K"preStatus: %d"[m[K, [32m[Kstatus[m[K);
[4.358s]       |                                         [01;35m[K^~~~~~~~~~~~~~~[m[K  [32m[K~~~~~~[m[K
[4.358s]       |                                                          [32m[K|[m[K
[4.359s]       |                                                          [32m[KBT::NodeStatus[m[K
[4.359s] [01m[K/home/ram/ras_docker/ros2_pkgs/ras_bt_framework/src/BTExecutor.cpp:167:54:[m[K [01;36m[Knote: [m[Kformat string is defined here
[4.359s]   167 |         RCLCPP_INFO(this->get_logger(), "preStatus: [01;36m[K%d[m[K", status);
[4.359s]       |                                                     [01;36m[K~^[m[K
[4.359s]       |                                                      [01;36m[K|[m[K
[4.359s]       |                                                      [01;36m[Kint[m[K
[4.386s] In file included from [01m[K/home/ram/ras_docker/ros2_pkgs/ras_bt_framework/include/ras_bt_framework/BtFactory.hpp:32[m[K,
[4.386s]                  from [01m[K/home/ram/ras_docker/ros2_pkgs/ras_bt_framework/src/executor.cpp:24[m[K:
[4.386s] [01m[K/home/ram/ras_docker/ros2_pkgs/ras_bt_framework/include/ras_bt_framework/primitives/trigger.hpp:[m[K In member function â€˜[01m[Kvoid ras_bt_framework::Trigger::trigger_response(rclcpp::Client<std_srvs::srv::SetBool>::SharedFuture)[m[Kâ€™:
[4.386s] [01m[K/home/ram/ras_docker/ros2_pkgs/ras_bt_framework/include/ras_bt_framework/primitives/trigger.hpp:71:80:[m[K [01;35m[Kwarning: [m[Kunused parameter â€˜[01m[Kfuture[m[Kâ€™ [[01;35m[K]8;;https://gcc.gnu.org/onlinedocs/gcc/Warning-Options.html#index-Wunused-parameter-Wunused-parameter]8;;[m[K]
[4.386s]    71 |     void trigger_response([01;35m[Krclcpp::Client<std_srvs::srv::SetBool>::SharedFuture future[m[K) {
[4.386s]       |                           [01;35m[K~~~~~~~~~~~~~~~~~~~~~~~~~~~~~~~~~~~~~~~~~~~~~~~~~~~~~^~~~~~[m[K
[4.542s] In file included from [01m[K/home/ram/ras_docker/ros2_pkgs/ras_bt_framework/include/ras_bt_framework/BtFactory.hpp:33[m[K,
[4.542s]                  from [01m[K/home/ram/ras_docker/ros2_pkgs/ras_bt_framework/src/executor.cpp:24[m[K:
[4.542s] [01m[K/home/ram/ras_docker/ros2_pkgs/ras_bt_framework/include/ras_bt_framework/primitives/execute_traj.hpp:[m[K In member function â€˜[01m[Kvoid ras_bt_framework::ExecuteTrajectory::play_traj_response(rclcpp::Client<ras_interfaces::srv::PlayPath>::SharedFuture)[m[Kâ€™:
[4.542s] [01m[K/home/ram/ras_docker/ros2_pkgs/ras_bt_framework/include/ras_bt_framework/primitives/execute_traj.hpp:89:89:[m[K [01;35m[Kwarning: [m[Kunused parameter â€˜[01m[Kfuture[m[Kâ€™ [[01;35m[K]8;;https://gcc.gnu.org/onlinedocs/gcc/Warning-Options.html#index-Wunused-parameter-Wunused-parameter]8;;[m[K]
[4.543s]    89 |     void play_traj_response([01;35m[Krclcpp::Client<ras_interfaces::srv::PlayPath>::SharedFuture future[m[K) {
[4.543s]       |                             [01;35m[K~~~~~~~~~~~~~~~~~~~~~~~~~~~~~~~~~~~~~~~~~~~~~~~~~~~~~~~~~~~~^~~~~~[m[K
[4.543s] [01m[K/home/ram/ras_docker/ros2_pkgs/ras_bt_framework/include/ras_bt_framework/primitives/execute_traj.hpp:[m[K In member function â€˜[01m[Kvoid ras_bt_framework::ExecuteTrajectory::log_response(rclcpp::Client<ras_interfaces::srv::TrajLog>::SharedFuture)[m[Kâ€™:
[4.543s] [01m[K/home/ram/ras_docker/ros2_pkgs/ras_bt_framework/include/ras_bt_framework/primitives/execute_traj.hpp:92:82:[m[K [01;35m[Kwarning: [m[Kunused parameter â€˜[01m[Kfuture[m[Kâ€™ [[01;35m[K]8;;https://gcc.gnu.org/onlinedocs/gcc/Warning-Options.html#index-Wunused-parameter-Wunused-parameter]8;;[m[K]
[4.543s]    92 |     void log_response([01;35m[Krclcpp::Client<ras_interfaces::srv::TrajLog>::SharedFuture future[m[K) {
[4.543s]       |                       [01;35m[K~~~~~~~~~~~~~~~~~~~~~~~~~~~~~~~~~~~~~~~~~~~~~~~~~~~~~~~~~~~^~~~~~[m[K
[4.613s] In file included from [01m[K/home/ram/ras_docker/ros2_pkgs/ras_bt_framework/include/ras_bt_framework/BtFactory.hpp:34[m[K,
[4.613s]                  from [01m[K/home/ram/ras_docker/ros2_pkgs/ras_bt_framework/src/executor.cpp:24[m[K:
[4.614s] [01m[K/home/ram/ras_docker/ros2_pkgs/ras_bt_framework/include/ras_bt_framework/primitives/rotate_eff.hpp:[m[K In member function â€˜[01m[Kvoid ras_bt_framework::RotateEffector::rotate_eff_response(rclcpp::Client<ras_interfaces::srv::RotateEffector>::SharedFuture)[m[Kâ€™:
[4.614s] [01m[K/home/ram/ras_docker/ros2_pkgs/ras_bt_framework/include/ras_bt_framework/primitives/rotate_eff.hpp:93:100:[m[K [01;35m[Kwarning: [m[Kunused parameter â€˜[01m[Kfuture[m[Kâ€™ [[01;35m[K]8;;https://gcc.gnu.org/onlinedocs/gcc/Warning-Options.html#index-Wunused-parameter-Wunused-parameter]8;;[m[K]
[4.614s]    93 |         void rotate_eff_response([01;35m[Krclcpp::Client<ras_interfaces::srv::RotateEffector>::SharedFuture future[m[K)
[4.614s]       |                                  [01;35m[K~~~~~~~~~~~~~~~~~~~~~~~~~~~~~~~~~~~~~~~~~~~~~~~~~~~~~~~~~~~~~~~~~~^~~~~~[m[K
[4.828s] In file included from [01m[K/home/ram/ras_docker/ros2_pkgs/ras_bt_framework/include/ras_bt_framework/BtFactory.hpp:36[m[K,
[4.828s]                  from [01m[K/home/ram/ras_docker/ros2_pkgs/ras_bt_framework/src/executor.cpp:24[m[K:
[4.829s] [01m[K/home/ram/ras_docker/ros2_pkgs/ras_bt_framework/include/ras_bt_framework/primitives/logger_client_trigger.hpp:[m[K In member function â€˜[01m[Kvoid ras_bt_framework::LoggerClientTrigger::trigger_response(rclcpp::Client<std_srvs::srv::SetBool>::SharedFuture)[m[Kâ€™:
[4.829s] [01m[K/home/ram/ras_docker/ros2_pkgs/ras_bt_framework/include/ras_bt_framework/primitives/logger_client_trigger.hpp:64:80:[m[K [01;35m[Kwarning: [m[Kunused parameter â€˜[01m[Kfuture[m[Kâ€™ [[01;35m[K]8;;https://gcc.gnu.org/onlinedocs/gcc/Warning-Options.html#index-Wunused-parameter-Wunused-parameter]8;;[m[K]
[4.829s]    64 |     void trigger_response([01;35m[Krclcpp::Client<std_srvs::srv::SetBool>::SharedFuture future[m[K) {
[4.829s]       |                           [01;35m[K~~~~~~~~~~~~~~~~~~~~~~~~~~~~~~~~~~~~~~~~~~~~~~~~~~~~~^~~~~~[m[K
[4.911s] In file included from [01m[K/home/ram/ras_docker/ros2_pkgs/ras_bt_framework/include/ras_bt_framework/BtFactory.hpp:37[m[K,
[4.911s]                  from [01m[K/home/ram/ras_docker/ros2_pkgs/ras_bt_framework/src/executor.cpp:24[m[K:
[4.911s] [01m[K/home/ram/ras_docker/ros2_pkgs/ras_bt_framework/include/ras_bt_framework/primitives/move_to_joint_state.hpp:[m[K In member function â€˜[01m[Kvoid ras_bt_framework::MoveToJointState::move_to_joint_state_response(rclcpp::Client<ras_interfaces::srv::JointReq>::SharedFuture)[m[Kâ€™:
[4.911s] [01m[K/home/ram/ras_docker/ros2_pkgs/ras_bt_framework/include/ras_bt_framework/primitives/move_to_joint_state.hpp:108:103:[m[K [01;35m[Kwarning: [m[Kunused parameter â€˜[01m[Kfuture[m[Kâ€™ [[01;35m[K]8;;https://gcc.gnu.org/onlinedocs/gcc/Warning-Options.html#index-Wunused-parameter-Wunused-parameter]8;;[m[K]
[4.911s]   108 |         void move_to_joint_state_response([01;35m[Krclcpp::Client<ras_interfaces::srv::JointReq>::SharedFuture future[m[K) {
[4.911s]       |                                           [01;35m[K~~~~~~~~~~~~~~~~~~~~~~~~~~~~~~~~~~~~~~~~~~~~~~~~~~~~~~~~~~~~^~~~~~[m[K
[4.911s] In file included from [01m[K/home/ram/ras_docker/ros2_pkgs/ras_bt_framework/include/ras_bt_framework/BtFactory.hpp:38[m[K,
[4.912s]                  from [01m[K/home/ram/ras_docker/ros2_pkgs/ras_bt_framework/src/executor.cpp:24[m[K:
[4.912s] [01m[K/home/ram/ras_docker/ros2_pkgs/ras_bt_framework/include/gen_primitives/Move.hpp:[m[K At global scope:
[4.912s] [01m[K/home/ram/ras_docker/ros2_pkgs/ras_bt_framework/include/gen_primitives/Move.hpp:16:5:[m[K [01;31m[Kerror: [m[Kâ€˜[01m[Kras_bt_framework::Move::~Move()[m[Kâ€™ cannot be overloaded with â€˜[01m[Kras_bt_framework::Move::~Move()[m[Kâ€™
[4.912s]    16 |     [01;31m[K~[m[KMove() {}
[4.912s]       |     [01;31m[K^[m[K
[4.912s] In file included from [01m[K/home/ram/ras_docker/ros2_pkgs/ras_bt_framework/include/ras_bt_framework/BtFactory.hpp:26[m[K,
[4.912s]                  from [01m[K/home/ram/ras_docker/ros2_pkgs/ras_bt_framework/src/executor.cpp:24[m[K:
[4.912s] [01m[K/home/ram/ras_docker/ros2_pkgs/ras_bt_framework/include/ras_bt_framework/PrimitiveBehavior.hpp:33:9:[m[K [01;36m[Knote: [m[Kprevious declaration â€˜[01m[Kras_bt_framework::Move::~Move()[m[Kâ€™
[4.912s]    33 |         [01;36m[K~[m[Kname(){\
[4.913s]       |         [01;36m[K^[m[K
[4.913s] [01m[K/home/ram/ras_docker/ros2_pkgs/ras_bt_framework/include/gen_primitives/Move.hpp:10:5:[m[K [01;36m[Knote: [m[Kin expansion of macro â€˜[01m[KNEW_PRIMITIVE_DECL[m[Kâ€™
[4.913s]    10 |     [01;36m[KNEW_PRIMITIVE_DECL[m[K(Move)
[4.913s]       |     [01;36m[K^~~~~~~~~~~~~~~~~~[m[K
[4.913s] [01m[K/home/ram/ras_docker/ros2_pkgs/ras_bt_framework/include/gen_primitives/Move.hpp:[m[K In destructor â€˜[01m[Kvirtual ras_bt_framework::Move::~Move()[m[Kâ€™:
[4.913s] [01m[K/home/ram/ras_docker/ros2_pkgs/ras_bt_framework/include/ras_bt_framework/PrimitiveBehavior.hpp:34:26:[m[K [01;35m[Kwarning: [m[Kpure virtual â€˜[01m[Kvoid ras_bt_framework::PrimitiveBehavior<T>::destroy() [with T = ras_bt_framework::Move][m[Kâ€™ called from destructor
[4.913s]    34 |             [01;35m[Kthis->destroy()[m[K;\
[4.913s]       |             [01;35m[K~~~~~~~~~~~~~^~[m[K
[4.913s] [01m[K/home/ram/ras_docker/ros2_pkgs/ras_bt_framework/include/gen_primitives/Move.hpp:10:5:[m[K [01;36m[Knote: [m[Kin expansion of macro â€˜[01m[KNEW_PRIMITIVE_DECL[m[Kâ€™
[4.913s]    10 |     [01;36m[KNEW_PRIMITIVE_DECL[m[K(Move)
[4.914s]       |     [01;36m[K^~~~~~~~~~~~~~~~~~[m[K
[4.914s] In file included from [01m[K/home/ram/ras_docker/ros2_pkgs/ras_bt_framework/include/gen_primitives/Pick.hpp:6[m[K,
[4.914s]                  from [01m[K/home/ram/ras_docker/ros2_pkgs/ras_bt_framework/include/ras_bt_framework/BtFactory.hpp:39[m[K,
[4.914s]                  from [01m[K/home/ram/ras_docker/ros2_pkgs/ras_bt_framework/src/executor.cpp:24[m[K:
[4.914s] [01m[K/home/ram/ras_docker/ros2_pkgs/ras_bt_framework/include/gen_primitives/move2pose.hpp:[m[K At global scope:
[4.914s] [01m[K/home/ram/ras_docker/ros2_pkgs/ras_bt_framework/include/gen_primitives/move2pose.hpp:16:5:[m[K [01;31m[Kerror: [m[Kâ€˜[01m[Kras_bt_framework::Move2pose::~Move2pose()[m[Kâ€™ cannot be overloaded with â€˜[01m[Kras_bt_framework::Move2pose::~Move2pose()[m[Kâ€™
[4.914s]    16 |     [01;31m[K~[m[KMove2pose() {}
[4.914s]       |     [01;31m[K^[m[K
[4.915s] In file included from [01m[K/home/ram/ras_docker/ros2_pkgs/ras_bt_framework/include/ras_bt_framework/BtFactory.hpp:26[m[K,
[4.915s]                  from [01m[K/home/ram/ras_docker/ros2_pkgs/ras_bt_framework/src/executor.cpp:24[m[K:
[4.915s] [01m[K/home/ram/ras_docker/ros2_pkgs/ras_bt_framework/include/ras_bt_framework/PrimitiveBehavior.hpp:33:9:[m[K [01;36m[Knote: [m[Kprevious declaration â€˜[01m[Kras_bt_framework::Move2pose::~Move2pose()[m[Kâ€™
[4.915s]    33 |         [01;36m[K~[m[Kname(){\
[4.915s]       |         [01;36m[K^[m[K
[4.915s] [01m[K/home/ram/ras_docker/ros2_pkgs/ras_bt_framework/include/gen_primitives/move2pose.hpp:10:5:[m[K [01;36m[Knote: [m[Kin expansion of macro â€˜[01m[KNEW_PRIMITIVE_DECL[m[Kâ€™
[4.915s]    10 |     [01;36m[KNEW_PRIMITIVE_DECL[m[K(Move2pose)
[4.915s]       |     [01;36m[K^~~~~~~~~~~~~~~~~~[m[K
[4.915s] [01m[K/home/ram/ras_docker/ros2_pkgs/ras_bt_framework/include/gen_primitives/move2pose.hpp:[m[K In destructor â€˜[01m[Kvirtual ras_bt_framework::Move2pose::~Move2pose()[m[Kâ€™:
[4.916s] [01m[K/home/ram/ras_docker/ros2_pkgs/ras_bt_framework/include/ras_bt_framework/PrimitiveBehavior.hpp:34:26:[m[K [01;35m[Kwarning: [m[Kpure virtual â€˜[01m[Kvoid ras_bt_framework::PrimitiveBehavior<T>::destroy() [with T = ras_bt_framework::Move2pose][m[Kâ€™ called from destructor
[4.916s]    34 |             [01;35m[Kthis->destroy()[m[K;\
[4.916s]       |             [01;35m[K~~~~~~~~~~~~~^~[m[K
[4.916s] [01m[K/home/ram/ras_docker/ros2_pkgs/ras_bt_framework/include/gen_primitives/move2pose.hpp:10:5:[m[K [01;36m[Knote: [m[Kin expansion of macro â€˜[01m[KNEW_PRIMITIVE_DECL[m[Kâ€™
[4.916s]    10 |     [01;36m[KNEW_PRIMITIVE_DECL[m[K(Move2pose)
[4.916s]       |     [01;36m[K^~~~~~~~~~~~~~~~~~[m[K
[4.916s] In file included from [01m[K/home/ram/ras_docker/ros2_pkgs/ras_bt_framework/include/ras_bt_framework/BtFactory.hpp:39[m[K,
[4.916s]                  from [01m[K/home/ram/ras_docker/ros2_pkgs/ras_bt_framework/src/executor.cpp:24[m[K:
[4.916s] [01m[K/home/ram/ras_docker/ros2_pkgs/ras_bt_framework/include/gen_primitives/Pick.hpp:[m[K At global scope:
[4.916s] [01m[K/home/ram/ras_docker/ros2_pkgs/ras_bt_framework/include/gen_primitives/Pick.hpp:17:5:[m[K [01;31m[Kerror: [m[Kâ€˜[01m[Kras_bt_framework::Pick::~Pick()[m[Kâ€™ cannot be overloaded with â€˜[01m[Kras_bt_framework::Pick::~Pick()[m[Kâ€™
[4.917s]    17 |     [01;31m[K~[m[KPick() {}
[4.917s]       |     [01;31m[K^[m[K
[4.917s] In file included from [01m[K/home/ram/ras_docker/ros2_pkgs/ras_bt_framework/include/ras_bt_framework/BtFactory.hpp:26[m[K,
[4.917s]                  from [01m[K/home/ram/ras_docker/ros2_pkgs/ras_bt_framework/src/executor.cpp:24[m[K:
[4.917s] [01m[K/home/ram/ras_docker/ros2_pkgs/ras_bt_framework/include/ras_bt_framework/PrimitiveBehavior.hpp:33:9:[m[K [01;36m[Knote: [m[Kprevious declaration â€˜[01m[Kras_bt_framework::Pick::~Pick()[m[Kâ€™
[4.917s]    33 |         [01;36m[K~[m[Kname(){\
[4.917s]       |         [01;36m[K^[m[K
[4.917s] [01m[K/home/ram/ras_docker/ros2_pkgs/ras_bt_framework/include/gen_primitives/Pick.hpp:11:5:[m[K [01;36m[Knote: [m[Kin expansion of macro â€˜[01m[KNEW_PRIMITIVE_DECL[m[Kâ€™
[4.918s]    11 |     [01;36m[KNEW_PRIMITIVE_DECL[m[K(Pick)
[4.918s]       |     [01;36m[K^~~~~~~~~~~~~~~~~~[m[K
[4.918s] [01m[K/home/ram/ras_docker/ros2_pkgs/ras_bt_framework/include/gen_primitives/Pick.hpp:[m[K In destructor â€˜[01m[Kvirtual ras_bt_framework::Pick::~Pick()[m[Kâ€™:
[4.918s] [01m[K/home/ram/ras_docker/ros2_pkgs/ras_bt_framework/include/ras_bt_framework/PrimitiveBehavior.hpp:34:26:[m[K [01;35m[Kwarning: [m[Kpure virtual â€˜[01m[Kvoid ras_bt_framework::PrimitiveBehavior<T>::destroy() [with T = ras_bt_framework::Pick][m[Kâ€™ called from destructor
[4.918s]    34 |             [01;35m[Kthis->destroy()[m[K;\
[4.918s]       |             [01;35m[K~~~~~~~~~~~~~^~[m[K
[4.918s] [01m[K/home/ram/ras_docker/ros2_pkgs/ras_bt_framework/include/gen_primitives/Pick.hpp:11:5:[m[K [01;36m[Knote: [m[Kin expansion of macro â€˜[01m[KNEW_PRIMITIVE_DECL[m[Kâ€™
[4.918s]    11 |     [01;36m[KNEW_PRIMITIVE_DECL[m[K(Pick)
[4.918s]       |     [01;36m[K^~~~~~~~~~~~~~~~~~[m[K
[4.918s] In file included from [01m[K/home/ram/ras_docker/ros2_pkgs/ras_bt_framework/include/ras_bt_framework/BtFactory.hpp:40[m[K,
[4.918s]                  from [01m[K/home/ram/ras_docker/ros2_pkgs/ras_bt_framework/src/executor.cpp:24[m[K:
[4.918s] [01m[K/home/ram/ras_docker/ros2_pkgs/ras_bt_framework/include/gen_primitives/Place.hpp:[m[K At global scope:
[4.918s] [01m[K/home/ram/ras_docker/ros2_pkgs/ras_bt_framework/include/gen_primitives/Place.hpp:17:5:[m[K [01;31m[Kerror: [m[Kâ€˜[01m[Kras_bt_framework::Place::~Place()[m[Kâ€™ cannot be overloaded with â€˜[01m[Kras_bt_framework::Place::~Place()[m[Kâ€™
[4.918s]    17 |     [01;31m[K~[m[KPlace() {}
[4.919s]       |     [01;31m[K^[m[K
[4.919s] In file included from [01m[K/home/ram/ras_docker/ros2_pkgs/ras_bt_framework/include/ras_bt_framework/BtFactory.hpp:26[m[K,
[4.919s]                  from [01m[K/home/ram/ras_docker/ros2_pkgs/ras_bt_framework/src/executor.cpp:24[m[K:
[4.919s] [01m[K/home/ram/ras_docker/ros2_pkgs/ras_bt_framework/include/ras_bt_framework/PrimitiveBehavior.hpp:33:9:[m[K [01;36m[Knote: [m[Kprevious declaration â€˜[01m[Kras_bt_framework::Place::~Place()[m[Kâ€™
[4.919s]    33 |         [01;36m[K~[m[Kname(){\
[4.919s]       |         [01;36m[K^[m[K
[4.919s] [01m[K/home/ram/ras_docker/ros2_pkgs/ras_bt_framework/include/gen_primitives/Place.hpp:11:5:[m[K [01;36m[Knote: [m[Kin expansion of macro â€˜[01m[KNEW_PRIMITIVE_DECL[m[Kâ€™
[4.919s]    11 |     [01;36m[KNEW_PRIMITIVE_DECL[m[K(Place)
[4.919s]       |     [01;36m[K^~~~~~~~~~~~~~~~~~[m[K
[4.919s] [01m[K/home/ram/ras_docker/ros2_pkgs/ras_bt_framework/include/gen_primitives/Place.hpp:[m[K In destructor â€˜[01m[Kvirtual ras_bt_framework::Place::~Place()[m[Kâ€™:
[4.919s] [01m[K/home/ram/ras_docker/ros2_pkgs/ras_bt_framework/include/ras_bt_framework/PrimitiveBehavior.hpp:34:26:[m[K [01;35m[Kwarning: [m[Kpure virtual â€˜[01m[Kvoid ras_bt_framework::PrimitiveBehavior<T>::destroy() [with T = ras_bt_framework::Place][m[Kâ€™ called from destructor
[4.919s]    34 |             [01;35m[Kthis->destroy()[m[K;\
[4.919s]       |             [01;35m[K~~~~~~~~~~~~~^~[m[K
[4.919s] [01m[K/home/ram/ras_docker/ros2_pkgs/ras_bt_framework/include/gen_primitives/Place.hpp:11:5:[m[K [01;36m[Knote: [m[Kin expansion of macro â€˜[01m[KNEW_PRIMITIVE_DECL[m[Kâ€™
[4.919s]    11 |     [01;36m[KNEW_PRIMITIVE_DECL[m[K(Place)
[4.919s]       |     [01;36m[K^~~~~~~~~~~~~~~~~~[m[K
[5.230s] [ 80%] [32m[1mLinking CXX executable examples[0m
[5.342s] In file included from [01m[K/home/ram/ras_docker/ros2_pkgs/ras_bt_framework/include/ras_bt_framework/BtFactory.hpp:25[m[K,
[5.342s]                  from [01m[K/home/ram/ras_docker/ros2_pkgs/ras_bt_framework/src/executor.cpp:24[m[K:
[5.342s] /opt/ros/humble/include/behaviortree_cpp/bt_factory.h: In instantiation of â€˜[01m[Kvoid BT::BehaviorTreeFactory::registerNodeType(const string&, ExtraArgs ...) [with T = ras_bt_framework::Move; ExtraArgs = {std::shared_ptr<rclcpp::Node>}; std::string = std::__cxx11::basic_string<char>][m[Kâ€™:
[5.342s] [01m[K/home/ram/ras_docker/ros2_pkgs/ras_bt_framework/include/ras_bt_framework/BtFactory.hpp:57:9:[m[K   required from here
[5.343s] [01m[K/opt/ros/humble/include/behaviortree_cpp/bt_factory.h:363:21:[m[K [01;31m[Kerror: [m[Kstatic assertion failed: The Node type can't be abstract. Did you forget to implement an abstract method in the derived class?
[5.343s]   363 |       static_assert([01;31m[K!std::is_abstract_v<T>[m[K, "The Node type can't be abstract. "
[5.343s]       |                     [01;31m[K^~~~~~~~~~~~~~~~~~~~~~[m[K
[5.343s] [01m[K/opt/ros/humble/include/behaviortree_cpp/bt_factory.h:363:21:[m[K [01;36m[Knote: [m[Kâ€˜[01m[K!(bool)std::is_abstract_v<ras_bt_framework::Move>[m[Kâ€™ evaluates to false
[5.343s] /opt/ros/humble/include/behaviortree_cpp/bt_factory.h: In instantiation of â€˜[01m[Kvoid BT::BehaviorTreeFactory::registerNodeType(const string&, ExtraArgs ...) [with T = ras_bt_framework::Pick; ExtraArgs = {std::shared_ptr<rclcpp::Node>}; std::string = std::__cxx11::basic_string<char>][m[Kâ€™:
[5.343s] [01m[K/home/ram/ras_docker/ros2_pkgs/ras_bt_framework/include/ras_bt_framework/BtFactory.hpp:58:9:[m[K   required from here
[5.343s] [01m[K/opt/ros/humble/include/behaviortree_cpp/bt_factory.h:363:21:[m[K [01;31m[Kerror: [m[Kstatic assertion failed: The Node type can't be abstract. Did you forget to implement an abstract method in the derived class?
[5.343s] [01m[K/opt/ros/humble/include/behaviortree_cpp/bt_factory.h:363:21:[m[K [01;36m[Knote: [m[Kâ€˜[01m[K!(bool)std::is_abstract_v<ras_bt_framework::Pick>[m[Kâ€™ evaluates to false
[5.343s] /opt/ros/humble/include/behaviortree_cpp/bt_factory.h: In instantiation of â€˜[01m[Kvoid BT::BehaviorTreeFactory::registerNodeType(const string&, ExtraArgs ...) [with T = ras_bt_framework::Place; ExtraArgs = {std::shared_ptr<rclcpp::Node>}; std::string = std::__cxx11::basic_string<char>][m[Kâ€™:
[5.344s] [01m[K/home/ram/ras_docker/ros2_pkgs/ras_bt_framework/include/ras_bt_framework/BtFactory.hpp:59:9:[m[K   required from here
[5.344s] [01m[K/opt/ros/humble/include/behaviortree_cpp/bt_factory.h:363:21:[m[K [01;31m[Kerror: [m[Kstatic assertion failed: The Node type can't be abstract. Did you forget to implement an abstract method in the derived class?
[5.344s] [01m[K/opt/ros/humble/include/behaviortree_cpp/bt_factory.h:363:21:[m[K [01;36m[Knote: [m[Kâ€˜[01m[K!(bool)std::is_abstract_v<ras_bt_framework::Place>[m[Kâ€™ evaluates to false
[5.360s] [ 80%] Built target examples
[5.484s] In file included from [01m[K/opt/ros/humble/include/rclcpp/rclcpp/logging.hpp:24[m[K,
[5.484s]                  from [01m[K/opt/ros/humble/include/rclcpp/rclcpp/client.hpp:40[m[K,
[5.484s]                  from [01m[K/opt/ros/humble/include/rclcpp/rclcpp/callback_group.hpp:24[m[K,
[5.484s]                  from [01m[K/opt/ros/humble/include/rclcpp/rclcpp/any_executable.hpp:20[m[K,
[5.484s]                  from [01m[K/opt/ros/humble/include/rclcpp/rclcpp/memory_strategy.hpp:25[m[K,
[5.484s]                  from [01m[K/opt/ros/humble/include/rclcpp/rclcpp/memory_strategies.hpp:18[m[K,
[5.484s]                  from [01m[K/opt/ros/humble/include/rclcpp/rclcpp/executor_options.hpp:20[m[K,
[5.485s]                  from [01m[K/opt/ros/humble/include/rclcpp/rclcpp/executor.hpp:37[m[K,
[5.485s]                  from [01m[K/opt/ros/humble/include/rclcpp/rclcpp/executors/multi_threaded_executor.hpp:25[m[K,
[5.485s]                  from [01m[K/opt/ros/humble/include/rclcpp/rclcpp/executors.hpp:21[m[K,
[5.485s]                  from [01m[K/opt/ros/humble/include/rclcpp/rclcpp/rclcpp.hpp:155[m[K,
[5.485s]                  from [01m[K/home/ram/ras_docker/ros2_pkgs/ras_bt_framework/src/executor.cpp:23[m[K:
[5.485s] /home/ram/ras_docker/ros2_pkgs/ras_bt_framework/include/ras_bt_framework/PrimitiveBehavior.hpp: In instantiation of â€˜[01m[KBT::NodeStatus ras_bt_framework::PrimitiveBehavior<T>::postTick(BT::TreeNode&, BT::NodeStatus) [with T = ras_bt_framework::SaySomething][m[Kâ€™:
[5.485s] [01m[K/home/ram/ras_docker/ros2_pkgs/ras_bt_framework/include/ras_bt_framework/PrimitiveBehavior.hpp:52:49:[m[K   required from â€˜[01m[Kras_bt_framework::PrimitiveBehavior<T>::PrimitiveBehavior(const string&, const BT::NodeConfig&, rclcpp::Node::SharedPtr) [with T = ras_bt_framework::SaySomething; std::string = std::__cxx11::basic_string<char>; rclcpp::Node::SharedPtr = std::shared_ptr<rclcpp::Node>][m[Kâ€™
[5.485s] [01m[K/home/ram/ras_docker/ros2_pkgs/ras_bt_framework/include/ras_bt_framework/primitives/say_something.hpp:30:1:[m[K   required from here
[5.485s] [01m[K/home/ram/ras_docker/ros2_pkgs/ras_bt_framework/include/ras_bt_framework/PrimitiveBehavior.hpp:56:46:[m[K [01;35m[Kwarning: [m[Kformat â€˜[01m[K%d[m[Kâ€™ expects argument of type â€˜[01m[Kint[m[Kâ€™, but argument 6 has type â€˜[01m[KBT::NodeStatus[m[Kâ€™ [[01;35m[K]8;;https://gcc.gnu.org/onlinedocs/gcc/Warning-Options.html#index-Wformat=-Wformat=]8;;[m[K]
[5.486s]    56 |             RCLCPP_INFO(node_->get_logger(), [01;35m[K"%s executed with status %d"[m[K,this->name().c_str(),[32m[Kstatus[m[K);
[5.486s]       |                                              [01;35m[K^~~~~~~~~~~~~~~~~~~~~~~~~~~~[m[K                      [32m[K~~~~~~[m[K
[5.486s]       |                                                                                                [32m[K|[m[K
[5.486s]       |                                                                                                [32m[KBT::NodeStatus[m[K
[5.486s] In file included from [01m[K/home/ram/ras_docker/ros2_pkgs/ras_bt_framework/include/ras_bt_framework/BtFactory.hpp:26[m[K,
[5.486s]                  from [01m[K/home/ram/ras_docker/ros2_pkgs/ras_bt_framework/src/executor.cpp:24[m[K:
[5.486s] [01m[K/home/ram/ras_docker/ros2_pkgs/ras_bt_framework/include/ras_bt_framework/PrimitiveBehavior.hpp:56:72:[m[K [01;36m[Knote: [m[Kformat string is defined here
[5.486s]    56 |             RCLCPP_INFO(node_->get_logger(), "%s executed with status [01;36m[K%d[m[K",this->name().c_str(),status);
[5.487s]       |                                                                       [01;36m[K~^[m[K
[5.487s]       |                                                                        [01;36m[K|[m[K
[5.487s]       |                                                                        [01;36m[Kint[m[K
[5.487s] [01m[K/home/ram/ras_docker/ros2_pkgs/ras_bt_framework/include/ras_bt_framework/PrimitiveBehavior.hpp:55:47:[m[K [01;35m[Kwarning: [m[Kunused parameter â€˜[01m[Knode[m[Kâ€™ [[01;35m[K]8;;https://gcc.gnu.org/onlinedocs/gcc/Warning-Options.html#index-Wunused-parameter-Wunused-parameter]8;;[m[K]
[5.487s]    55 |         BT::NodeStatus postTick([01;35m[KBT::TreeNode &node[m[K, BT::NodeStatus status){
[5.487s]       |                                 [01;35m[K~~~~~~~~~~~~~~^~~~[m[K
[5.487s] In file included from [01m[K/opt/ros/humble/include/rclcpp/rclcpp/logging.hpp:24[m[K,
[5.487s]                  from [01m[K/opt/ros/humble/include/rclcpp/rclcpp/client.hpp:40[m[K,
[5.487s]                  from [01m[K/opt/ros/humble/include/rclcpp/rclcpp/callback_group.hpp:24[m[K,
[5.487s]                  from [01m[K/opt/ros/humble/include/rclcpp/rclcpp/any_executable.hpp:20[m[K,
[5.488s]                  from [01m[K/opt/ros/humble/include/rclcpp/rclcpp/memory_strategy.hpp:25[m[K,
[5.488s]                  from [01m[K/opt/ros/humble/include/rclcpp/rclcpp/memory_strategies.hpp:18[m[K,
[5.488s]                  from [01m[K/opt/ros/humble/include/rclcpp/rclcpp/executor_options.hpp:20[m[K,
[5.488s]                  from [01m[K/opt/ros/humble/include/rclcpp/rclcpp/executor.hpp:37[m[K,
[5.488s]                  from [01m[K/opt/ros/humble/include/rclcpp/rclcpp/executors/multi_threaded_executor.hpp:25[m[K,
[5.488s]                  from [01m[K/opt/ros/humble/include/rclcpp/rclcpp/executors.hpp:21[m[K,
[5.488s]                  from [01m[K/opt/ros/humble/include/rclcpp/rclcpp/rclcpp.hpp:155[m[K,
[5.488s]                  from [01m[K/home/ram/ras_docker/ros2_pkgs/ras_bt_framework/src/executor.cpp:23[m[K:
[5.489s] /home/ram/ras_docker/ros2_pkgs/ras_bt_framework/include/ras_bt_framework/PrimitiveBehavior.hpp: In instantiation of â€˜[01m[KBT::NodeStatus ras_bt_framework::PrimitiveBehavior<T>::postTick(BT::TreeNode&, BT::NodeStatus) [with T = ras_bt_framework::ThinkSomethingToSay][m[Kâ€™:
[5.489s] [01m[K/home/ram/ras_docker/ros2_pkgs/ras_bt_framework/include/ras_bt_framework/PrimitiveBehavior.hpp:52:49:[m[K   required from â€˜[01m[Kras_bt_framework::PrimitiveBehavior<T>::PrimitiveBehavior(const string&, const BT::NodeConfig&, rclcpp::Node::SharedPtr) [with T = ras_bt_framework::ThinkSomethingToSay; std::string = std::__cxx11::basic_string<char>; rclcpp::Node::SharedPtr = std::shared_ptr<rclcpp::Node>][m[Kâ€™
[5.489s] [01m[K/home/ram/ras_docker/ros2_pkgs/ras_bt_framework/include/ras_bt_framework/primitives/think_something_to_say.hpp:30:1:[m[K   required from here
[5.489s] [01m[K/home/ram/ras_docker/ros2_pkgs/ras_bt_framework/include/ras_bt_framework/PrimitiveBehavior.hpp:56:46:[m[K [01;35m[Kwarning: [m[Kformat â€˜[01m[K%d[m[Kâ€™ expects argument of type â€˜[01m[Kint[m[Kâ€™, but argument 6 has type â€˜[01m[KBT::NodeStatus[m[Kâ€™ [[01;35m[K]8;;https://gcc.gnu.org/onlinedocs/gcc/Warning-Options.html#index-Wformat=-Wformat=]8;;[m[K]
[5.489s]    56 |             RCLCPP_INFO(node_->get_logger(), [01;35m[K"%s executed with status %d"[m[K,this->name().c_str(),[32m[Kstatus[m[K);
[5.489s]       |                                              [01;35m[K^~~~~~~~~~~~~~~~~~~~~~~~~~~~[m[K                      [32m[K~~~~~~[m[K
[5.489s]       |                                                                                                [32m[K|[m[K
[5.489s]       |                                                                                                [32m[KBT::NodeStatus[m[K
[5.489s] In file included from [01m[K/home/ram/ras_docker/ros2_pkgs/ras_bt_framework/include/ras_bt_framework/BtFactory.hpp:26[m[K,
[5.489s]                  from [01m[K/home/ram/ras_docker/ros2_pkgs/ras_bt_framework/src/executor.cpp:24[m[K:
[5.490s] [01m[K/home/ram/ras_docker/ros2_pkgs/ras_bt_framework/include/ras_bt_framework/PrimitiveBehavior.hpp:56:72:[m[K [01;36m[Knote: [m[Kformat string is defined here
[5.490s]    56 |             RCLCPP_INFO(node_->get_logger(), "%s executed with status [01;36m[K%d[m[K",this->name().c_str(),status);
[5.490s]       |                                                                       [01;36m[K~^[m[K
[5.490s]       |                                                                        [01;36m[K|[m[K
[5.490s]       |                                                                        [01;36m[Kint[m[K
[5.490s] [01m[K/home/ram/ras_docker/ros2_pkgs/ras_bt_framework/include/ras_bt_framework/PrimitiveBehavior.hpp:55:47:[m[K [01;35m[Kwarning: [m[Kunused parameter â€˜[01m[Knode[m[Kâ€™ [[01;35m[K]8;;https://gcc.gnu.org/onlinedocs/gcc/Warning-Options.html#index-Wunused-parameter-Wunused-parameter]8;;[m[K]
[5.490s]    55 |         BT::NodeStatus postTick([01;35m[KBT::TreeNode &node[m[K, BT::NodeStatus status){
[5.490s]       |                                 [01;35m[K~~~~~~~~~~~~~~^~~~[m[K
[5.490s] In file included from [01m[K/opt/ros/humble/include/rclcpp/rclcpp/logging.hpp:24[m[K,
[5.490s]                  from [01m[K/opt/ros/humble/include/rclcpp/rclcpp/client.hpp:40[m[K,
[5.491s]                  from [01m[K/opt/ros/humble/include/rclcpp/rclcpp/callback_group.hpp:24[m[K,
[5.491s]                  from [01m[K/opt/ros/humble/include/rclcpp/rclcpp/any_executable.hpp:20[m[K,
[5.491s]                  from [01m[K/opt/ros/humble/include/rclcpp/rclcpp/memory_strategy.hpp:25[m[K,
[5.491s]                  from [01m[K/opt/ros/humble/include/rclcpp/rclcpp/memory_strategies.hpp:18[m[K,
[5.491s]                  from [01m[K/opt/ros/humble/include/rclcpp/rclcpp/executor_options.hpp:20[m[K,
[5.491s]                  from [01m[K/opt/ros/humble/include/rclcpp/rclcpp/executor.hpp:37[m[K,
[5.491s]                  from [01m[K/opt/ros/humble/include/rclcpp/rclcpp/executors/multi_threaded_executor.hpp:25[m[K,
[5.491s]                  from [01m[K/opt/ros/humble/include/rclcpp/rclcpp/executors.hpp:21[m[K,
[5.491s]                  from [01m[K/opt/ros/humble/include/rclcpp/rclcpp/rclcpp.hpp:155[m[K,
[5.491s]                  from [01m[K/home/ram/ras_docker/ros2_pkgs/ras_bt_framework/src/executor.cpp:23[m[K:
[5.491s] /home/ram/ras_docker/ros2_pkgs/ras_bt_framework/include/ras_bt_framework/PrimitiveBehavior.hpp: In instantiation of â€˜[01m[KBT::NodeStatus ras_bt_framework::PrimitiveBehavior<T>::postTick(BT::TreeNode&, BT::NodeStatus) [with T = ras_bt_framework::MoveToPose][m[Kâ€™:
[5.491s] [01m[K/home/ram/ras_docker/ros2_pkgs/ras_bt_framework/include/ras_bt_framework/PrimitiveBehavior.hpp:52:49:[m[K   required from â€˜[01m[Kras_bt_framework::PrimitiveBehavior<T>::PrimitiveBehavior(const string&, const BT::NodeConfig&, rclcpp::Node::SharedPtr) [with T = ras_bt_framework::MoveToPose; std::string = std::__cxx11::basic_string<char>; rclcpp::Node::SharedPtr = std::shared_ptr<rclcpp::Node>][m[Kâ€™
[5.491s] [01m[K/home/ram/ras_docker/ros2_pkgs/ras_bt_framework/include/ras_bt_framework/primitives/move_to_pose.hpp:60:5:[m[K   required from here
[5.491s] [01m[K/home/ram/ras_docker/ros2_pkgs/ras_bt_framework/include/ras_bt_framework/PrimitiveBehavior.hpp:56:46:[m[K [01;35m[Kwarning: [m[Kformat â€˜[01m[K%d[m[Kâ€™ expects argument of type â€˜[01m[Kint[m[Kâ€™, but argument 6 has type â€˜[01m[KBT::NodeStatus[m[Kâ€™ [[01;35m[K]8;;https://gcc.gnu.org/onlinedocs/gcc/Warning-Options.html#index-Wformat=-Wformat=]8;;[m[K]
[5.491s]    56 |             RCLCPP_INFO(node_->get_logger(), [01;35m[K"%s executed with status %d"[m[K,this->name().c_str(),[32m[Kstatus[m[K);
[5.492s]       |                                              [01;35m[K^~~~~~~~~~~~~~~~~~~~~~~~~~~~[m[K                      [32m[K~~~~~~[m[K
[5.492s]       |                                                                                                [32m[K|[m[K
[5.492s]       |                                                                                                [32m[KBT::NodeStatus[m[K
[5.492s] In file included from [01m[K/home/ram/ras_docker/ros2_pkgs/ras_bt_framework/include/ras_bt_framework/BtFactory.hpp:26[m[K,
[5.492s]                  from [01m[K/home/ram/ras_docker/ros2_pkgs/ras_bt_framework/src/executor.cpp:24[m[K:
[5.492s] [01m[K/home/ram/ras_docker/ros2_pkgs/ras_bt_framework/include/ras_bt_framework/PrimitiveBehavior.hpp:56:72:[m[K [01;36m[Knote: [m[Kformat string is defined here
[5.492s]    56 |             RCLCPP_INFO(node_->get_logger(), "%s executed with status [01;36m[K%d[m[K",this->name().c_str(),status);
[5.492s]       |                                                                       [01;36m[K~^[m[K
[5.492s]       |                                                                        [01;36m[K|[m[K
[5.492s]       |                                                                        [01;36m[Kint[m[K
[5.492s] [01m[K/home/ram/ras_docker/ros2_pkgs/ras_bt_framework/include/ras_bt_framework/PrimitiveBehavior.hpp:55:47:[m[K [01;35m[Kwarning: [m[Kunused parameter â€˜[01m[Knode[m[Kâ€™ [[01;35m[K]8;;https://gcc.gnu.org/onlinedocs/gcc/Warning-Options.html#index-Wunused-parameter-Wunused-parameter]8;;[m[K]
[5.492s]    55 |         BT::NodeStatus postTick([01;35m[KBT::TreeNode &node[m[K, BT::NodeStatus status){
[5.492s]       |                                 [01;35m[K~~~~~~~~~~~~~~^~~~[m[K
[5.506s] In file included from [01m[K/opt/ros/humble/include/rclcpp/rclcpp/logging.hpp:24[m[K,
[5.506s]                  from [01m[K/opt/ros/humble/include/rclcpp/rclcpp/client.hpp:40[m[K,
[5.507s]                  from [01m[K/opt/ros/humble/include/rclcpp/rclcpp/callback_group.hpp:24[m[K,
[5.507s]                  from [01m[K/opt/ros/humble/include/rclcpp/rclcpp/any_executable.hpp:20[m[K,
[5.507s]                  from [01m[K/opt/ros/humble/include/rclcpp/rclcpp/memory_strategy.hpp:25[m[K,
[5.507s]                  from [01m[K/opt/ros/humble/include/rclcpp/rclcpp/memory_strategies.hpp:18[m[K,
[5.507s]                  from [01m[K/opt/ros/humble/include/rclcpp/rclcpp/executor_options.hpp:20[m[K,
[5.507s]                  from [01m[K/opt/ros/humble/include/rclcpp/rclcpp/executor.hpp:37[m[K,
[5.507s]                  from [01m[K/opt/ros/humble/include/rclcpp/rclcpp/executors/multi_threaded_executor.hpp:25[m[K,
[5.507s]                  from [01m[K/opt/ros/humble/include/rclcpp/rclcpp/executors.hpp:21[m[K,
[5.507s]                  from [01m[K/opt/ros/humble/include/rclcpp/rclcpp/rclcpp.hpp:155[m[K,
[5.507s]                  from [01m[K/home/ram/ras_docker/ros2_pkgs/ras_bt_framework/src/executor.cpp:23[m[K:
[5.507s] /home/ram/ras_docker/ros2_pkgs/ras_bt_framework/include/ras_bt_framework/PrimitiveBehavior.hpp: In instantiation of â€˜[01m[KBT::NodeStatus ras_bt_framework::PrimitiveBehavior<T>::postTick(BT::TreeNode&, BT::NodeStatus) [with T = ras_bt_framework::Trigger][m[Kâ€™:
[5.507s] [01m[K/home/ram/ras_docker/ros2_pkgs/ras_bt_framework/include/ras_bt_framework/PrimitiveBehavior.hpp:52:49:[m[K   required from â€˜[01m[Kras_bt_framework::PrimitiveBehavior<T>::PrimitiveBehavior(const string&, const BT::NodeConfig&, rclcpp::Node::SharedPtr) [with T = ras_bt_framework::Trigger; std::string = std::__cxx11::basic_string<char>; rclcpp::Node::SharedPtr = std::shared_ptr<rclcpp::Node>][m[Kâ€™
[5.507s] [01m[K/home/ram/ras_docker/ros2_pkgs/ras_bt_framework/include/ras_bt_framework/primitives/trigger.hpp:30:1:[m[K   required from here
[5.508s] [01m[K/home/ram/ras_docker/ros2_pkgs/ras_bt_framework/include/ras_bt_framework/PrimitiveBehavior.hpp:56:46:[m[K [01;35m[Kwarning: [m[Kformat â€˜[01m[K%d[m[Kâ€™ expects argument of type â€˜[01m[Kint[m[Kâ€™, but argument 6 has type â€˜[01m[KBT::NodeStatus[m[Kâ€™ [[01;35m[K]8;;https://gcc.gnu.org/onlinedocs/gcc/Warning-Options.html#index-Wformat=-Wformat=]8;;[m[K]
[5.508s]    56 |             RCLCPP_INFO(node_->get_logger(), [01;35m[K"%s executed with status %d"[m[K,this->name().c_str(),[32m[Kstatus[m[K);
[5.508s]       |                                              [01;35m[K^~~~~~~~~~~~~~~~~~~~~~~~~~~~[m[K                      [32m[K~~~~~~[m[K
[5.508s]       |                                                                                                [32m[K|[m[K
[5.508s]       |                                                                                                [32m[KBT::NodeStatus[m[K
[5.508s] In file included from [01m[K/home/ram/ras_docker/ros2_pkgs/ras_bt_framework/include/ras_bt_framework/BtFactory.hpp:26[m[K,
[5.508s]                  from [01m[K/home/ram/ras_docker/ros2_pkgs/ras_bt_framework/src/executor.cpp:24[m[K:
[5.508s] [01m[K/home/ram/ras_docker/ros2_pkgs/ras_bt_framework/include/ras_bt_framework/PrimitiveBehavior.hpp:56:72:[m[K [01;36m[Knote: [m[Kformat string is defined here
[5.508s]    56 |             RCLCPP_INFO(node_->get_logger(), "%s executed with status [01;36m[K%d[m[K",this->name().c_str(),status);
[5.508s]       |                                                                       [01;36m[K~^[m[K
[5.508s]       |                                                                        [01;36m[K|[m[K
[5.508s]       |                                                                        [01;36m[Kint[m[K
[5.508s] [01m[K/home/ram/ras_docker/ros2_pkgs/ras_bt_framework/include/ras_bt_framework/PrimitiveBehavior.hpp:55:47:[m[K [01;35m[Kwarning: [m[Kunused parameter â€˜[01m[Knode[m[Kâ€™ [[01;35m[K]8;;https://gcc.gnu.org/onlinedocs/gcc/Warning-Options.html#index-Wunused-parameter-Wunused-parameter]8;;[m[K]
[5.509s]    55 |         BT::NodeStatus postTick([01;35m[KBT::TreeNode &node[m[K, BT::NodeStatus status){
[5.509s]       |                                 [01;35m[K~~~~~~~~~~~~~~^~~~[m[K
[5.523s] In file included from [01m[K/opt/ros/humble/include/rclcpp/rclcpp/logging.hpp:24[m[K,
[5.523s]                  from [01m[K/opt/ros/humble/include/rclcpp/rclcpp/client.hpp:40[m[K,
[5.523s]                  from [01m[K/opt/ros/humble/include/rclcpp/rclcpp/callback_group.hpp:24[m[K,
[5.523s]                  from [01m[K/opt/ros/humble/include/rclcpp/rclcpp/any_executable.hpp:20[m[K,
[5.523s]                  from [01m[K/opt/ros/humble/include/rclcpp/rclcpp/memory_strategy.hpp:25[m[K,
[5.523s]                  from [01m[K/opt/ros/humble/include/rclcpp/rclcpp/memory_strategies.hpp:18[m[K,
[5.523s]                  from [01m[K/opt/ros/humble/include/rclcpp/rclcpp/executor_options.hpp:20[m[K,
[5.523s]                  from [01m[K/opt/ros/humble/include/rclcpp/rclcpp/executor.hpp:37[m[K,
[5.523s]                  from [01m[K/opt/ros/humble/include/rclcpp/rclcpp/executors/multi_threaded_executor.hpp:25[m[K,
[5.523s]                  from [01m[K/opt/ros/humble/include/rclcpp/rclcpp/executors.hpp:21[m[K,
[5.523s]                  from [01m[K/opt/ros/humble/include/rclcpp/rclcpp/rclcpp.hpp:155[m[K,
[5.523s]                  from [01m[K/home/ram/ras_docker/ros2_pkgs/ras_bt_framework/src/executor.cpp:23[m[K:
[5.523s] /home/ram/ras_docker/ros2_pkgs/ras_bt_framework/include/ras_bt_framework/PrimitiveBehavior.hpp: In instantiation of â€˜[01m[KBT::NodeStatus ras_bt_framework::PrimitiveBehavior<T>::postTick(BT::TreeNode&, BT::NodeStatus) [with T = ras_bt_framework::ExecuteTrajectory][m[Kâ€™:
[5.523s] [01m[K/home/ram/ras_docker/ros2_pkgs/ras_bt_framework/include/ras_bt_framework/PrimitiveBehavior.hpp:52:49:[m[K   required from â€˜[01m[Kras_bt_framework::PrimitiveBehavior<T>::PrimitiveBehavior(const string&, const BT::NodeConfig&, rclcpp::Node::SharedPtr) [with T = ras_bt_framework::ExecuteTrajectory; std::string = std::__cxx11::basic_string<char>; rclcpp::Node::SharedPtr = std::shared_ptr<rclcpp::Node>][m[Kâ€™
[5.523s] [01m[K/home/ram/ras_docker/ros2_pkgs/ras_bt_framework/include/ras_bt_framework/primitives/execute_traj.hpp:35:1:[m[K   required from here
[5.523s] [01m[K/home/ram/ras_docker/ros2_pkgs/ras_bt_framework/include/ras_bt_framework/PrimitiveBehavior.hpp:56:46:[m[K [01;35m[Kwarning: [m[Kformat â€˜[01m[K%d[m[Kâ€™ expects argument of type â€˜[01m[Kint[m[Kâ€™, but argument 6 has type â€˜[01m[KBT::NodeStatus[m[Kâ€™ [[01;35m[K]8;;https://gcc.gnu.org/onlinedocs/gcc/Warning-Options.html#index-Wformat=-Wformat=]8;;[m[K]
[5.523s]    56 |             RCLCPP_INFO(node_->get_logger(), [01;35m[K"%s executed with status %d"[m[K,this->name().c_str(),[32m[Kstatus[m[K);
[5.524s]       |                                              [01;35m[K^~~~~~~~~~~~~~~~~~~~~~~~~~~~[m[K                      [32m[K~~~~~~[m[K
[5.524s]       |                                                                                                [32m[K|[m[K
[5.524s]       |                                                                                                [32m[KBT::NodeStatus[m[K
[5.524s] In file included from [01m[K/home/ram/ras_docker/ros2_pkgs/ras_bt_framework/include/ras_bt_framework/BtFactory.hpp:26[m[K,
[5.524s]                  from [01m[K/home/ram/ras_docker/ros2_pkgs/ras_bt_framework/src/executor.cpp:24[m[K:
[5.524s] [01m[K/home/ram/ras_docker/ros2_pkgs/ras_bt_framework/include/ras_bt_framework/PrimitiveBehavior.hpp:56:72:[m[K [01;36m[Knote: [m[Kformat string is defined here
[5.524s]    56 |             RCLCPP_INFO(node_->get_logger(), "%s executed with status [01;36m[K%d[m[K",this->name().c_str(),status);
[5.524s]       |                                                                       [01;36m[K~^[m[K
[5.524s]       |                                                                        [01;36m[K|[m[K
[5.524s]       |                                                                        [01;36m[Kint[m[K
[5.524s] [01m[K/home/ram/ras_docker/ros2_pkgs/ras_bt_framework/include/ras_bt_framework/PrimitiveBehavior.hpp:55:47:[m[K [01;35m[Kwarning: [m[Kunused parameter â€˜[01m[Knode[m[Kâ€™ [[01;35m[K]8;;https://gcc.gnu.org/onlinedocs/gcc/Warning-Options.html#index-Wunused-parameter-Wunused-parameter]8;;[m[K]
[5.524s]    55 |         BT::NodeStatus postTick([01;35m[KBT::TreeNode &node[m[K, BT::NodeStatus status){
[5.524s]       |                                 [01;35m[K~~~~~~~~~~~~~~^~~~[m[K
[5.550s] In file included from [01m[K/opt/ros/humble/include/rclcpp/rclcpp/logging.hpp:24[m[K,
[5.550s]                  from [01m[K/opt/ros/humble/include/rclcpp/rclcpp/client.hpp:40[m[K,
[5.550s]                  from [01m[K/opt/ros/humble/include/rclcpp/rclcpp/callback_group.hpp:24[m[K,
[5.550s]                  from [01m[K/opt/ros/humble/include/rclcpp/rclcpp/any_executable.hpp:20[m[K,
[5.550s]                  from [01m[K/opt/ros/humble/include/rclcpp/rclcpp/memory_strategy.hpp:25[m[K,
[5.550s]                  from [01m[K/opt/ros/humble/include/rclcpp/rclcpp/memory_strategies.hpp:18[m[K,
[5.550s]                  from [01m[K/opt/ros/humble/include/rclcpp/rclcpp/executor_options.hpp:20[m[K,
[5.550s]                  from [01m[K/opt/ros/humble/include/rclcpp/rclcpp/executor.hpp:37[m[K,
[5.550s]                  from [01m[K/opt/ros/humble/include/rclcpp/rclcpp/executors/multi_threaded_executor.hpp:25[m[K,
[5.550s]                  from [01m[K/opt/ros/humble/include/rclcpp/rclcpp/executors.hpp:21[m[K,
[5.550s]                  from [01m[K/opt/ros/humble/include/rclcpp/rclcpp/rclcpp.hpp:155[m[K,
[5.551s]                  from [01m[K/home/ram/ras_docker/ros2_pkgs/ras_bt_framework/src/executor.cpp:23[m[K:
[5.551s] /home/ram/ras_docker/ros2_pkgs/ras_bt_framework/include/ras_bt_framework/PrimitiveBehavior.hpp: In instantiation of â€˜[01m[KBT::NodeStatus ras_bt_framework::PrimitiveBehavior<T>::postTick(BT::TreeNode&, BT::NodeStatus) [with T = ras_bt_framework::RotateEffector][m[Kâ€™:
[5.551s] [01m[K/home/ram/ras_docker/ros2_pkgs/ras_bt_framework/include/ras_bt_framework/PrimitiveBehavior.hpp:52:49:[m[K   required from â€˜[01m[Kras_bt_framework::PrimitiveBehavior<T>::PrimitiveBehavior(const string&, const BT::NodeConfig&, rclcpp::Node::SharedPtr) [with T = ras_bt_framework::RotateEffector; std::string = std::__cxx11::basic_string<char>; rclcpp::Node::SharedPtr = std::shared_ptr<rclcpp::Node>][m[Kâ€™
[5.551s] [01m[K/home/ram/ras_docker/ros2_pkgs/ras_bt_framework/include/ras_bt_framework/primitives/rotate_eff.hpp:34:9:[m[K   required from here
[5.551s] [01m[K/home/ram/ras_docker/ros2_pkgs/ras_bt_framework/include/ras_bt_framework/PrimitiveBehavior.hpp:56:46:[m[K [01;35m[Kwarning: [m[Kformat â€˜[01m[K%d[m[Kâ€™ expects argument of type â€˜[01m[Kint[m[Kâ€™, but argument 6 has type â€˜[01m[KBT::NodeStatus[m[Kâ€™ [[01;35m[K]8;;https://gcc.gnu.org/onlinedocs/gcc/Warning-Options.html#index-Wformat=-Wformat=]8;;[m[K]
[5.551s]    56 |             RCLCPP_INFO(node_->get_logger(), [01;35m[K"%s executed with status %d"[m[K,this->name().c_str(),[32m[Kstatus[m[K);
[5.551s]       |                                              [01;35m[K^~~~~~~~~~~~~~~~~~~~~~~~~~~~[m[K                      [32m[K~~~~~~[m[K
[5.551s]       |                                                                                                [32m[K|[m[K
[5.551s]       |                                                                                                [32m[KBT::NodeStatus[m[K
[5.551s] In file included from [01m[K/home/ram/ras_docker/ros2_pkgs/ras_bt_framework/include/ras_bt_framework/BtFactory.hpp:26[m[K,
[5.551s]                  from [01m[K/home/ram/ras_docker/ros2_pkgs/ras_bt_framework/src/executor.cpp:24[m[K:
[5.551s] [01m[K/home/ram/ras_docker/ros2_pkgs/ras_bt_framework/include/ras_bt_framework/PrimitiveBehavior.hpp:56:72:[m[K [01;36m[Knote: [m[Kformat string is defined here
[5.551s]    56 |             RCLCPP_INFO(node_->get_logger(), "%s executed with status [01;36m[K%d[m[K",this->name().c_str(),status);
[5.552s]       |                                                                       [01;36m[K~^[m[K
[5.552s]       |                                                                        [01;36m[K|[m[K
[5.552s]       |                                                                        [01;36m[Kint[m[K
[5.552s] [01m[K/home/ram/ras_docker/ros2_pkgs/ras_bt_framework/include/ras_bt_framework/PrimitiveBehavior.hpp:55:47:[m[K [01;35m[Kwarning: [m[Kunused parameter â€˜[01m[Knode[m[Kâ€™ [[01;35m[K]8;;https://gcc.gnu.org/onlinedocs/gcc/Warning-Options.html#index-Wunused-parameter-Wunused-parameter]8;;[m[K]
[5.552s]    55 |         BT::NodeStatus postTick([01;35m[KBT::TreeNode &node[m[K, BT::NodeStatus status){
[5.552s]       |                                 [01;35m[K~~~~~~~~~~~~~~^~~~[m[K
[5.568s] In file included from [01m[K/opt/ros/humble/include/rclcpp/rclcpp/logging.hpp:24[m[K,
[5.568s]                  from [01m[K/opt/ros/humble/include/rclcpp/rclcpp/client.hpp:40[m[K,
[5.568s]                  from [01m[K/opt/ros/humble/include/rclcpp/rclcpp/callback_group.hpp:24[m[K,
[5.568s]                  from [01m[K/opt/ros/humble/include/rclcpp/rclcpp/any_executable.hpp:20[m[K,
[5.568s]                  from [01m[K/opt/ros/humble/include/rclcpp/rclcpp/memory_strategy.hpp:25[m[K,
[5.568s]                  from [01m[K/opt/ros/humble/include/rclcpp/rclcpp/memory_strategies.hpp:18[m[K,
[5.568s]                  from [01m[K/opt/ros/humble/include/rclcpp/rclcpp/executor_options.hpp:20[m[K,
[5.568s]                  from [01m[K/opt/ros/humble/include/rclcpp/rclcpp/executor.hpp:37[m[K,
[5.569s]                  from [01m[K/opt/ros/humble/include/rclcpp/rclcpp/executors/multi_threaded_executor.hpp:25[m[K,
[5.569s]                  from [01m[K/opt/ros/humble/include/rclcpp/rclcpp/executors.hpp:21[m[K,
[5.569s]                  from [01m[K/opt/ros/humble/include/rclcpp/rclcpp/rclcpp.hpp:155[m[K,
[5.569s]                  from [01m[K/home/ram/ras_docker/ros2_pkgs/ras_bt_framework/src/executor.cpp:23[m[K:
[5.569s] /home/ram/ras_docker/ros2_pkgs/ras_bt_framework/include/ras_bt_framework/PrimitiveBehavior.hpp: In instantiation of â€˜[01m[KBT::NodeStatus ras_bt_framework::PrimitiveBehavior<T>::postTick(BT::TreeNode&, BT::NodeStatus) [with T = ras_bt_framework::PrimitiveActionClient][m[Kâ€™:
[5.569s] [01m[K/home/ram/ras_docker/ros2_pkgs/ras_bt_framework/include/ras_bt_framework/PrimitiveBehavior.hpp:52:49:[m[K   required from â€˜[01m[Kras_bt_framework::PrimitiveBehavior<T>::PrimitiveBehavior(const string&, const BT::NodeConfig&, rclcpp::Node::SharedPtr) [with T = ras_bt_framework::PrimitiveActionClient; std::string = std::__cxx11::basic_string<char>; rclcpp::Node::SharedPtr = std::shared_ptr<rclcpp::Node>][m[Kâ€™
[5.569s] [01m[K/home/ram/ras_docker/ros2_pkgs/ras_bt_framework/include/ras_bt_framework/PrimitiveActionClient.hpp:33:5:[m[K   required from here
[5.569s] [01m[K/home/ram/ras_docker/ros2_pkgs/ras_bt_framework/include/ras_bt_framework/PrimitiveBehavior.hpp:56:46:[m[K [01;35m[Kwarning: [m[Kformat â€˜[01m[K%d[m[Kâ€™ expects argument of type â€˜[01m[Kint[m[Kâ€™, but argument 6 has type â€˜[01m[KBT::NodeStatus[m[Kâ€™ [[01;35m[K]8;;https://gcc.gnu.org/onlinedocs/gcc/Warning-Options.html#index-Wformat=-Wformat=]8;;[m[K]
[5.569s]    56 |             RCLCPP_INFO(node_->get_logger(), [01;35m[K"%s executed with status %d"[m[K,this->name().c_str(),[32m[Kstatus[m[K);
[5.569s]       |                                              [01;35m[K^~~~~~~~~~~~~~~~~~~~~~~~~~~~[m[K                      [32m[K~~~~~~[m[K
[5.569s]       |                                                                                                [32m[K|[m[K
[5.569s]       |                                                                                                [32m[KBT::NodeStatus[m[K
[5.569s] In file included from [01m[K/home/ram/ras_docker/ros2_pkgs/ras_bt_framework/include/ras_bt_framework/BtFactory.hpp:26[m[K,
[5.570s]                  from [01m[K/home/ram/ras_docker/ros2_pkgs/ras_bt_framework/src/executor.cpp:24[m[K:
[5.570s] [01m[K/home/ram/ras_docker/ros2_pkgs/ras_bt_framework/include/ras_bt_framework/PrimitiveBehavior.hpp:56:72:[m[K [01;36m[Knote: [m[Kformat string is defined here
[5.570s]    56 |             RCLCPP_INFO(node_->get_logger(), "%s executed with status [01;36m[K%d[m[K",this->name().c_str(),status);
[5.570s]       |                                                                       [01;36m[K~^[m[K
[5.570s]       |                                                                        [01;36m[K|[m[K
[5.570s]       |                                                                        [01;36m[Kint[m[K
[5.570s] [01m[K/home/ram/ras_docker/ros2_pkgs/ras_bt_framework/include/ras_bt_framework/PrimitiveBehavior.hpp:55:47:[m[K [01;35m[Kwarning: [m[Kunused parameter â€˜[01m[Knode[m[Kâ€™ [[01;35m[K]8;;https://gcc.gnu.org/onlinedocs/gcc/Warning-Options.html#index-Wunused-parameter-Wunused-parameter]8;;[m[K]
[5.570s]    55 |         BT::NodeStatus postTick([01;35m[KBT::TreeNode &node[m[K, BT::NodeStatus status){
[5.570s]       |                                 [01;35m[K~~~~~~~~~~~~~~^~~~[m[K
[5.601s] In file included from [01m[K/opt/ros/humble/include/rclcpp/rclcpp/logging.hpp:24[m[K,
[5.601s]                  from [01m[K/opt/ros/humble/include/rclcpp/rclcpp/client.hpp:40[m[K,
[5.601s]                  from [01m[K/opt/ros/humble/include/rclcpp/rclcpp/callback_group.hpp:24[m[K,
[5.601s]                  from [01m[K/opt/ros/humble/include/rclcpp/rclcpp/any_executable.hpp:20[m[K,
[5.601s]                  from [01m[K/opt/ros/humble/include/rclcpp/rclcpp/memory_strategy.hpp:25[m[K,
[5.601s]                  from [01m[K/opt/ros/humble/include/rclcpp/rclcpp/memory_strategies.hpp:18[m[K,
[5.601s]                  from [01m[K/opt/ros/humble/include/rclcpp/rclcpp/executor_options.hpp:20[m[K,
[5.601s]                  from [01m[K/opt/ros/humble/include/rclcpp/rclcpp/executor.hpp:37[m[K,
[5.601s]                  from [01m[K/opt/ros/humble/include/rclcpp/rclcpp/executors/multi_threaded_executor.hpp:25[m[K,
[5.601s]                  from [01m[K/opt/ros/humble/include/rclcpp/rclcpp/executors.hpp:21[m[K,
[5.601s]                  from [01m[K/opt/ros/humble/include/rclcpp/rclcpp/rclcpp.hpp:155[m[K,
[5.602s]                  from [01m[K/home/ram/ras_docker/ros2_pkgs/ras_bt_framework/src/executor.cpp:23[m[K:
[5.602s] /home/ram/ras_docker/ros2_pkgs/ras_bt_framework/include/ras_bt_framework/PrimitiveBehavior.hpp: In instantiation of â€˜[01m[KBT::NodeStatus ras_bt_framework::PrimitiveBehavior<T>::postTick(BT::TreeNode&, BT::NodeStatus) [with T = ras_bt_framework::LoggerClientTrigger][m[Kâ€™:
[5.602s] [01m[K/home/ram/ras_docker/ros2_pkgs/ras_bt_framework/include/ras_bt_framework/PrimitiveBehavior.hpp:52:49:[m[K   required from â€˜[01m[Kras_bt_framework::PrimitiveBehavior<T>::PrimitiveBehavior(const string&, const BT::NodeConfig&, rclcpp::Node::SharedPtr) [with T = ras_bt_framework::LoggerClientTrigger; std::string = std::__cxx11::basic_string<char>; rclcpp::Node::SharedPtr = std::shared_ptr<rclcpp::Node>][m[Kâ€™
[5.602s] [01m[K/home/ram/ras_docker/ros2_pkgs/ras_bt_framework/include/ras_bt_framework/primitives/logger_client_trigger.hpp:30:1:[m[K   required from here
[5.602s] [01m[K/home/ram/ras_docker/ros2_pkgs/ras_bt_framework/include/ras_bt_framework/PrimitiveBehavior.hpp:56:46:[m[K [01;35m[Kwarning: [m[Kformat â€˜[01m[K%d[m[Kâ€™ expects argument of type â€˜[01m[Kint[m[Kâ€™, but argument 6 has type â€˜[01m[KBT::NodeStatus[m[Kâ€™ [[01;35m[K]8;;https://gcc.gnu.org/onlinedocs/gcc/Warning-Options.html#index-Wformat=-Wformat=]8;;[m[K]
[5.602s]    56 |             RCLCPP_INFO(node_->get_logger(), [01;35m[K"%s executed with status %d"[m[K,this->name().c_str(),[32m[Kstatus[m[K);
[5.602s]       |                                              [01;35m[K^~~~~~~~~~~~~~~~~~~~~~~~~~~~[m[K                      [32m[K~~~~~~[m[K
[5.602s]       |                                                                                                [32m[K|[m[K
[5.602s]       |                                                                                                [32m[KBT::NodeStatus[m[K
[5.602s] In file included from [01m[K/home/ram/ras_docker/ros2_pkgs/ras_bt_framework/include/ras_bt_framework/BtFactory.hpp:26[m[K,
[5.602s]                  from [01m[K/home/ram/ras_docker/ros2_pkgs/ras_bt_framework/src/executor.cpp:24[m[K:
[5.602s] [01m[K/home/ram/ras_docker/ros2_pkgs/ras_bt_framework/include/ras_bt_framework/PrimitiveBehavior.hpp:56:72:[m[K [01;36m[Knote: [m[Kformat string is defined here
[5.602s]    56 |             RCLCPP_INFO(node_->get_logger(), "%s executed with status [01;36m[K%d[m[K",this->name().c_str(),status);
[5.602s]       |                                                                       [01;36m[K~^[m[K
[5.603s]       |                                                                        [01;36m[K|[m[K
[5.603s]       |                                                                        [01;36m[Kint[m[K
[5.603s] [01m[K/home/ram/ras_docker/ros2_pkgs/ras_bt_framework/include/ras_bt_framework/PrimitiveBehavior.hpp:55:47:[m[K [01;35m[Kwarning: [m[Kunused parameter â€˜[01m[Knode[m[Kâ€™ [[01;35m[K]8;;https://gcc.gnu.org/onlinedocs/gcc/Warning-Options.html#index-Wunused-parameter-Wunused-parameter]8;;[m[K]
[5.603s]    55 |         BT::NodeStatus postTick([01;35m[KBT::TreeNode &node[m[K, BT::NodeStatus status){
[5.603s]       |                                 [01;35m[K~~~~~~~~~~~~~~^~~~[m[K
[5.604s] In file included from [01m[K/opt/ros/humble/include/rclcpp/rclcpp/logging.hpp:24[m[K,
[5.604s]                  from [01m[K/opt/ros/humble/include/rclcpp/rclcpp/client.hpp:40[m[K,
[5.604s]                  from [01m[K/opt/ros/humble/include/rclcpp/rclcpp/callback_group.hpp:24[m[K,
[5.604s]                  from [01m[K/opt/ros/humble/include/rclcpp/rclcpp/any_executable.hpp:20[m[K,
[5.605s]                  from [01m[K/opt/ros/humble/include/rclcpp/rclcpp/memory_strategy.hpp:25[m[K,
[5.605s]                  from [01m[K/opt/ros/humble/include/rclcpp/rclcpp/memory_strategies.hpp:18[m[K,
[5.605s]                  from [01m[K/opt/ros/humble/include/rclcpp/rclcpp/executor_options.hpp:20[m[K,
[5.605s]                  from [01m[K/opt/ros/humble/include/rclcpp/rclcpp/executor.hpp:37[m[K,
[5.605s]                  from [01m[K/opt/ros/humble/include/rclcpp/rclcpp/executors/multi_threaded_executor.hpp:25[m[K,
[5.605s]                  from [01m[K/opt/ros/humble/include/rclcpp/rclcpp/executors.hpp:21[m[K,
[5.605s]                  from [01m[K/opt/ros/humble/include/rclcpp/rclcpp/rclcpp.hpp:155[m[K,
[5.605s]                  from [01m[K/home/ram/ras_docker/ros2_pkgs/ras_bt_framework/src/executor.cpp:23[m[K:
[5.605s] /home/ram/ras_docker/ros2_pkgs/ras_bt_framework/include/ras_bt_framework/PrimitiveBehavior.hpp: In instantiation of â€˜[01m[KBT::NodeStatus ras_bt_framework::PrimitiveBehavior<T>::postTick(BT::TreeNode&, BT::NodeStatus) [with T = ras_bt_framework::MoveToJointState][m[Kâ€™:
[5.605s] [01m[K/home/ram/ras_docker/ros2_pkgs/ras_bt_framework/include/ras_bt_framework/PrimitiveBehavior.hpp:52:49:[m[K   required from â€˜[01m[Kras_bt_framework::PrimitiveBehavior<T>::PrimitiveBehavior(const string&, const BT::NodeConfig&, rclcpp::Node::SharedPtr) [with T = ras_bt_framework::MoveToJointState; std::string = std::__cxx11::basic_string<char>; rclcpp::Node::SharedPtr = std::shared_ptr<rclcpp::Node>][m[Kâ€™
[5.605s] [01m[K/home/ram/ras_docker/ros2_pkgs/ras_bt_framework/include/ras_bt_framework/primitives/move_to_joint_state.hpp:68:5:[m[K   required from here
[5.605s] [01m[K/home/ram/ras_docker/ros2_pkgs/ras_bt_framework/include/ras_bt_framework/PrimitiveBehavior.hpp:56:46:[m[K [01;35m[Kwarning: [m[Kformat â€˜[01m[K%d[m[Kâ€™ expects argument of type â€˜[01m[Kint[m[Kâ€™, but argument 6 has type â€˜[01m[KBT::NodeStatus[m[Kâ€™ [[01;35m[K]8;;https://gcc.gnu.org/onlinedocs/gcc/Warning-Options.html#index-Wformat=-Wformat=]8;;[m[K]
[5.605s]    56 |             RCLCPP_INFO(node_->get_logger(), [01;35m[K"%s executed with status %d"[m[K,this->name().c_str(),[32m[Kstatus[m[K);
[5.605s]       |                                              [01;35m[K^~~~~~~~~~~~~~~~~~~~~~~~~~~~[m[K                      [32m[K~~~~~~[m[K
[5.606s]       |                                                                                                [32m[K|[m[K
[5.606s]       |                                                                                                [32m[KBT::NodeStatus[m[K
[5.606s] In file included from [01m[K/home/ram/ras_docker/ros2_pkgs/ras_bt_framework/include/ras_bt_framework/BtFactory.hpp:26[m[K,
[5.606s]                  from [01m[K/home/ram/ras_docker/ros2_pkgs/ras_bt_framework/src/executor.cpp:24[m[K:
[5.606s] [01m[K/home/ram/ras_docker/ros2_pkgs/ras_bt_framework/include/ras_bt_framework/PrimitiveBehavior.hpp:56:72:[m[K [01;36m[Knote: [m[Kformat string is defined here
[5.606s]    56 |             RCLCPP_INFO(node_->get_logger(), "%s executed with status [01;36m[K%d[m[K",this->name().c_str(),status);
[5.606s]       |                                                                       [01;36m[K~^[m[K
[5.606s]       |                                                                        [01;36m[K|[m[K
[5.606s]       |                                                                        [01;36m[Kint[m[K
[5.606s] [01m[K/home/ram/ras_docker/ros2_pkgs/ras_bt_framework/include/ras_bt_framework/PrimitiveBehavior.hpp:55:47:[m[K [01;35m[Kwarning: [m[Kunused parameter â€˜[01m[Knode[m[Kâ€™ [[01;35m[K]8;;https://gcc.gnu.org/onlinedocs/gcc/Warning-Options.html#index-Wunused-parameter-Wunused-parameter]8;;[m[K]
[5.606s]    55 |         BT::NodeStatus postTick([01;35m[KBT::TreeNode &node[m[K, BT::NodeStatus status){
[5.606s]       |                                 [01;35m[K~~~~~~~~~~~~~~^~~~[m[K
[5.623s] In file included from [01m[K/opt/ros/humble/include/rclcpp/rclcpp/logging.hpp:24[m[K,
[5.623s]                  from [01m[K/opt/ros/humble/include/rclcpp/rclcpp/client.hpp:40[m[K,
[5.623s]                  from [01m[K/opt/ros/humble/include/rclcpp/rclcpp/callback_group.hpp:24[m[K,
[5.623s]                  from [01m[K/opt/ros/humble/include/rclcpp/rclcpp/any_executable.hpp:20[m[K,
[5.623s]                  from [01m[K/opt/ros/humble/include/rclcpp/rclcpp/memory_strategy.hpp:25[m[K,
[5.623s]                  from [01m[K/opt/ros/humble/include/rclcpp/rclcpp/memory_strategies.hpp:18[m[K,
[5.623s]                  from [01m[K/opt/ros/humble/include/rclcpp/rclcpp/executor_options.hpp:20[m[K,
[5.623s]                  from [01m[K/opt/ros/humble/include/rclcpp/rclcpp/executor.hpp:37[m[K,
[5.623s]                  from [01m[K/opt/ros/humble/include/rclcpp/rclcpp/executors/multi_threaded_executor.hpp:25[m[K,
[5.623s]                  from [01m[K/opt/ros/humble/include/rclcpp/rclcpp/executors.hpp:21[m[K,
[5.623s]                  from [01m[K/opt/ros/humble/include/rclcpp/rclcpp/rclcpp.hpp:155[m[K,
[5.623s]                  from [01m[K/home/ram/ras_docker/ros2_pkgs/ras_bt_framework/src/executor.cpp:23[m[K:
[5.623s] /home/ram/ras_docker/ros2_pkgs/ras_bt_framework/include/ras_bt_framework/PrimitiveBehavior.hpp: In instantiation of â€˜[01m[KBT::NodeStatus ras_bt_framework::PrimitiveBehavior<T>::postTick(BT::TreeNode&, BT::NodeStatus) [with T = ras_bt_framework::Move][m[Kâ€™:
[5.623s] [01m[K/home/ram/ras_docker/ros2_pkgs/ras_bt_framework/include/ras_bt_framework/PrimitiveBehavior.hpp:52:49:[m[K   required from â€˜[01m[Kras_bt_framework::PrimitiveBehavior<T>::PrimitiveBehavior(const string&, const BT::NodeConfig&, rclcpp::Node::SharedPtr) [with T = ras_bt_framework::Move; std::string = std::__cxx11::basic_string<char>; rclcpp::Node::SharedPtr = std::shared_ptr<rclcpp::Node>][m[Kâ€™
[5.624s] [01m[K/home/ram/ras_docker/ros2_pkgs/ras_bt_framework/include/gen_primitives/Move.hpp:10:5:[m[K   required from here
[5.624s] [01m[K/home/ram/ras_docker/ros2_pkgs/ras_bt_framework/include/ras_bt_framework/PrimitiveBehavior.hpp:56:46:[m[K [01;35m[Kwarning: [m[Kformat â€˜[01m[K%d[m[Kâ€™ expects argument of type â€˜[01m[Kint[m[Kâ€™, but argument 6 has type â€˜[01m[KBT::NodeStatus[m[Kâ€™ [[01;35m[K]8;;https://gcc.gnu.org/onlinedocs/gcc/Warning-Options.html#index-Wformat=-Wformat=]8;;[m[K]
[5.624s]    56 |             RCLCPP_INFO(node_->get_logger(), [01;35m[K"%s executed with status %d"[m[K,this->name().c_str(),[32m[Kstatus[m[K);
[5.624s]       |                                              [01;35m[K^~~~~~~~~~~~~~~~~~~~~~~~~~~~[m[K                      [32m[K~~~~~~[m[K
[5.624s]       |                                                                                                [32m[K|[m[K
[5.624s]       |                                                                                                [32m[KBT::NodeStatus[m[K
[5.624s] In file included from [01m[K/home/ram/ras_docker/ros2_pkgs/ras_bt_framework/include/ras_bt_framework/BtFactory.hpp:26[m[K,
[5.624s]                  from [01m[K/home/ram/ras_docker/ros2_pkgs/ras_bt_framework/src/executor.cpp:24[m[K:
[5.624s] [01m[K/home/ram/ras_docker/ros2_pkgs/ras_bt_framework/include/ras_bt_framework/PrimitiveBehavior.hpp:56:72:[m[K [01;36m[Knote: [m[Kformat string is defined here
[5.624s]    56 |             RCLCPP_INFO(node_->get_logger(), "%s executed with status [01;36m[K%d[m[K",this->name().c_str(),status);
[5.624s]       |                                                                       [01;36m[K~^[m[K
[5.624s]       |                                                                        [01;36m[K|[m[K
[5.624s]       |                                                                        [01;36m[Kint[m[K
[5.624s] [01m[K/home/ram/ras_docker/ros2_pkgs/ras_bt_framework/include/ras_bt_framework/PrimitiveBehavior.hpp:55:47:[m[K [01;35m[Kwarning: [m[Kunused parameter â€˜[01m[Knode[m[Kâ€™ [[01;35m[K]8;;https://gcc.gnu.org/onlinedocs/gcc/Warning-Options.html#index-Wunused-parameter-Wunused-parameter]8;;[m[K]
[5.624s]    55 |         BT::NodeStatus postTick([01;35m[KBT::TreeNode &node[m[K, BT::NodeStatus status){
[5.624s]       |                                 [01;35m[K~~~~~~~~~~~~~~^~~~[m[K
[5.624s] In file included from [01m[K/opt/ros/humble/include/rclcpp/rclcpp/logging.hpp:24[m[K,
[5.624s]                  from [01m[K/opt/ros/humble/include/rclcpp/rclcpp/client.hpp:40[m[K,
[5.625s]                  from [01m[K/opt/ros/humble/include/rclcpp/rclcpp/callback_group.hpp:24[m[K,
[5.625s]                  from [01m[K/opt/ros/humble/include/rclcpp/rclcpp/any_executable.hpp:20[m[K,
[5.625s]                  from [01m[K/opt/ros/humble/include/rclcpp/rclcpp/memory_strategy.hpp:25[m[K,
[5.625s]                  from [01m[K/opt/ros/humble/include/rclcpp/rclcpp/memory_strategies.hpp:18[m[K,
[5.625s]                  from [01m[K/opt/ros/humble/include/rclcpp/rclcpp/executor_options.hpp:20[m[K,
[5.625s]                  from [01m[K/opt/ros/humble/include/rclcpp/rclcpp/executor.hpp:37[m[K,
[5.625s]                  from [01m[K/opt/ros/humble/include/rclcpp/rclcpp/executors/multi_threaded_executor.hpp:25[m[K,
[5.625s]                  from [01m[K/opt/ros/humble/include/rclcpp/rclcpp/executors.hpp:21[m[K,
[5.625s]                  from [01m[K/opt/ros/humble/include/rclcpp/rclcpp/rclcpp.hpp:155[m[K,
[5.625s]                  from [01m[K/home/ram/ras_docker/ros2_pkgs/ras_bt_framework/src/executor.cpp:23[m[K:
[5.625s] /home/ram/ras_docker/ros2_pkgs/ras_bt_framework/include/ras_bt_framework/PrimitiveBehavior.hpp: In instantiation of â€˜[01m[KBT::NodeStatus ras_bt_framework::PrimitiveBehavior<T>::postTick(BT::TreeNode&, BT::NodeStatus) [with T = ras_bt_framework::Move2pose][m[Kâ€™:
[5.625s] [01m[K/home/ram/ras_docker/ros2_pkgs/ras_bt_framework/include/ras_bt_framework/PrimitiveBehavior.hpp:52:49:[m[K   required from â€˜[01m[Kras_bt_framework::PrimitiveBehavior<T>::PrimitiveBehavior(const string&, const BT::NodeConfig&, rclcpp::Node::SharedPtr) [with T = ras_bt_framework::Move2pose; std::string = std::__cxx11::basic_string<char>; rclcpp::Node::SharedPtr = std::shared_ptr<rclcpp::Node>][m[Kâ€™
[5.625s] [01m[K/home/ram/ras_docker/ros2_pkgs/ras_bt_framework/include/gen_primitives/move2pose.hpp:10:5:[m[K   required from here
[5.625s] [01m[K/home/ram/ras_docker/ros2_pkgs/ras_bt_framework/include/ras_bt_framework/PrimitiveBehavior.hpp:56:46:[m[K [01;35m[Kwarning: [m[Kformat â€˜[01m[K%d[m[Kâ€™ expects argument of type â€˜[01m[Kint[m[Kâ€™, but argument 6 has type â€˜[01m[KBT::NodeStatus[m[Kâ€™ [[01;35m[K]8;;https://gcc.gnu.org/onlinedocs/gcc/Warning-Options.html#index-Wformat=-Wformat=]8;;[m[K]
[5.625s]    56 |             RCLCPP_INFO(node_->get_logger(), [01;35m[K"%s executed with status %d"[m[K,this->name().c_str(),[32m[Kstatus[m[K);
[5.625s]       |                                              [01;35m[K^~~~~~~~~~~~~~~~~~~~~~~~~~~~[m[K                      [32m[K~~~~~~[m[K
[5.625s]       |                                                                                                [32m[K|[m[K
[5.625s]       |                                                                                                [32m[KBT::NodeStatus[m[K
[5.625s] In file included from [01m[K/home/ram/ras_docker/ros2_pkgs/ras_bt_framework/include/ras_bt_framework/BtFactory.hpp:26[m[K,
[5.626s]                  from [01m[K/home/ram/ras_docker/ros2_pkgs/ras_bt_framework/src/executor.cpp:24[m[K:
[5.626s] [01m[K/home/ram/ras_docker/ros2_pkgs/ras_bt_framework/include/ras_bt_framework/PrimitiveBehavior.hpp:56:72:[m[K [01;36m[Knote: [m[Kformat string is defined here
[5.626s]    56 |             RCLCPP_INFO(node_->get_logger(), "%s executed with status [01;36m[K%d[m[K",this->name().c_str(),status);
[5.626s]       |                                                                       [01;36m[K~^[m[K
[5.626s]       |                                                                        [01;36m[K|[m[K
[5.626s]       |                                                                        [01;36m[Kint[m[K
[5.626s] [01m[K/home/ram/ras_docker/ros2_pkgs/ras_bt_framework/include/ras_bt_framework/PrimitiveBehavior.hpp:55:47:[m[K [01;35m[Kwarning: [m[Kunused parameter â€˜[01m[Knode[m[Kâ€™ [[01;35m[K]8;;https://gcc.gnu.org/onlinedocs/gcc/Warning-Options.html#index-Wunused-parameter-Wunused-parameter]8;;[m[K]
[5.626s]    55 |         BT::NodeStatus postTick([01;35m[KBT::TreeNode &node[m[K, BT::NodeStatus status){
[5.626s]       |                                 [01;35m[K~~~~~~~~~~~~~~^~~~[m[K
[5.626s] In file included from [01m[K/opt/ros/humble/include/rclcpp/rclcpp/logging.hpp:24[m[K,
[5.626s]                  from [01m[K/opt/ros/humble/include/rclcpp/rclcpp/client.hpp:40[m[K,
[5.626s]                  from [01m[K/opt/ros/humble/include/rclcpp/rclcpp/callback_group.hpp:24[m[K,
[5.626s]                  from [01m[K/opt/ros/humble/include/rclcpp/rclcpp/any_executable.hpp:20[m[K,
[5.626s]                  from [01m[K/opt/ros/humble/include/rclcpp/rclcpp/memory_strategy.hpp:25[m[K,
[5.626s]                  from [01m[K/opt/ros/humble/include/rclcpp/rclcpp/memory_strategies.hpp:18[m[K,
[5.626s]                  from [01m[K/opt/ros/humble/include/rclcpp/rclcpp/executor_options.hpp:20[m[K,
[5.626s]                  from [01m[K/opt/ros/humble/include/rclcpp/rclcpp/executor.hpp:37[m[K,
[5.626s]                  from [01m[K/opt/ros/humble/include/rclcpp/rclcpp/executors/multi_threaded_executor.hpp:25[m[K,
[5.626s]                  from [01m[K/opt/ros/humble/include/rclcpp/rclcpp/executors.hpp:21[m[K,
[5.626s]                  from [01m[K/opt/ros/humble/include/rclcpp/rclcpp/rclcpp.hpp:155[m[K,
[5.626s]                  from [01m[K/home/ram/ras_docker/ros2_pkgs/ras_bt_framework/src/executor.cpp:23[m[K:
[5.627s] /home/ram/ras_docker/ros2_pkgs/ras_bt_framework/include/ras_bt_framework/PrimitiveBehavior.hpp: In instantiation of â€˜[01m[KBT::NodeStatus ras_bt_framework::PrimitiveBehavior<T>::postTick(BT::TreeNode&, BT::NodeStatus) [with T = ras_bt_framework::Pick][m[Kâ€™:
[5.627s] [01m[K/home/ram/ras_docker/ros2_pkgs/ras_bt_framework/include/ras_bt_framework/PrimitiveBehavior.hpp:52:49:[m[K   required from â€˜[01m[Kras_bt_framework::PrimitiveBehavior<T>::PrimitiveBehavior(const string&, const BT::NodeConfig&, rclcpp::Node::SharedPtr) [with T = ras_bt_framework::Pick; std::string = std::__cxx11::basic_string<char>; rclcpp::Node::SharedPtr = std::shared_ptr<rclcpp::Node>][m[Kâ€™
[5.627s] [01m[K/home/ram/ras_docker/ros2_pkgs/ras_bt_framework/include/gen_primitives/Pick.hpp:11:5:[m[K   required from here
[5.627s] [01m[K/home/ram/ras_docker/ros2_pkgs/ras_bt_framework/include/ras_bt_framework/PrimitiveBehavior.hpp:56:46:[m[K [01;35m[Kwarning: [m[Kformat â€˜[01m[K%d[m[Kâ€™ expects argument of type â€˜[01m[Kint[m[Kâ€™, but argument 6 has type â€˜[01m[KBT::NodeStatus[m[Kâ€™ [[01;35m[K]8;;https://gcc.gnu.org/onlinedocs/gcc/Warning-Options.html#index-Wformat=-Wformat=]8;;[m[K]
[5.627s]    56 |             RCLCPP_INFO(node_->get_logger(), [01;35m[K"%s executed with status %d"[m[K,this->name().c_str(),[32m[Kstatus[m[K);
[5.627s]       |                                              [01;35m[K^~~~~~~~~~~~~~~~~~~~~~~~~~~~[m[K                      [32m[K~~~~~~[m[K
[5.627s]       |                                                                                                [32m[K|[m[K
[5.627s]       |                                                                                                [32m[KBT::NodeStatus[m[K
[5.627s] In file included from [01m[K/home/ram/ras_docker/ros2_pkgs/ras_bt_framework/include/ras_bt_framework/BtFactory.hpp:26[m[K,
[5.627s]                  from [01m[K/home/ram/ras_docker/ros2_pkgs/ras_bt_framework/src/executor.cpp:24[m[K:
[5.627s] [01m[K/home/ram/ras_docker/ros2_pkgs/ras_bt_framework/include/ras_bt_framework/PrimitiveBehavior.hpp:56:72:[m[K [01;36m[Knote: [m[Kformat string is defined here
[5.627s]    56 |             RCLCPP_INFO(node_->get_logger(), "%s executed with status [01;36m[K%d[m[K",this->name().c_str(),status);
[5.627s]       |                                                                       [01;36m[K~^[m[K
[5.627s]       |                                                                        [01;36m[K|[m[K
[5.627s]       |                                                                        [01;36m[Kint[m[K
[5.627s] [01m[K/home/ram/ras_docker/ros2_pkgs/ras_bt_framework/include/ras_bt_framework/PrimitiveBehavior.hpp:55:47:[m[K [01;35m[Kwarning: [m[Kunused parameter â€˜[01m[Knode[m[Kâ€™ [[01;35m[K]8;;https://gcc.gnu.org/onlinedocs/gcc/Warning-Options.html#index-Wunused-parameter-Wunused-parameter]8;;[m[K]
[5.627s]    55 |         BT::NodeStatus postTick([01;35m[KBT::TreeNode &node[m[K, BT::NodeStatus status){
[5.627s]       |                                 [01;35m[K~~~~~~~~~~~~~~^~~~[m[K
[5.627s] In file included from [01m[K/opt/ros/humble/include/rclcpp/rclcpp/logging.hpp:24[m[K,
[5.627s]                  from [01m[K/opt/ros/humble/include/rclcpp/rclcpp/client.hpp:40[m[K,
[5.627s]                  from [01m[K/opt/ros/humble/include/rclcpp/rclcpp/callback_group.hpp:24[m[K,
[5.628s]                  from [01m[K/opt/ros/humble/include/rclcpp/rclcpp/any_executable.hpp:20[m[K,
[5.628s]                  from [01m[K/opt/ros/humble/include/rclcpp/rclcpp/memory_strategy.hpp:25[m[K,
[5.628s]                  from [01m[K/opt/ros/humble/include/rclcpp/rclcpp/memory_strategies.hpp:18[m[K,
[5.628s]                  from [01m[K/opt/ros/humble/include/rclcpp/rclcpp/executor_options.hpp:20[m[K,
[5.628s]                  from [01m[K/opt/ros/humble/include/rclcpp/rclcpp/executor.hpp:37[m[K,
[5.628s]                  from [01m[K/opt/ros/humble/include/rclcpp/rclcpp/executors/multi_threaded_executor.hpp:25[m[K,
[5.628s]                  from [01m[K/opt/ros/humble/include/rclcpp/rclcpp/executors.hpp:21[m[K,
[5.628s]                  from [01m[K/opt/ros/humble/include/rclcpp/rclcpp/rclcpp.hpp:155[m[K,
[5.628s]                  from [01m[K/home/ram/ras_docker/ros2_pkgs/ras_bt_framework/src/executor.cpp:23[m[K:
[5.628s] /home/ram/ras_docker/ros2_pkgs/ras_bt_framework/include/ras_bt_framework/PrimitiveBehavior.hpp: In instantiation of â€˜[01m[KBT::NodeStatus ras_bt_framework::PrimitiveBehavior<T>::postTick(BT::TreeNode&, BT::NodeStatus) [with T = ras_bt_framework::Place][m[Kâ€™:
[5.628s] [01m[K/home/ram/ras_docker/ros2_pkgs/ras_bt_framework/include/ras_bt_framework/PrimitiveBehavior.hpp:52:49:[m[K   required from â€˜[01m[Kras_bt_framework::PrimitiveBehavior<T>::PrimitiveBehavior(const string&, const BT::NodeConfig&, rclcpp::Node::SharedPtr) [with T = ras_bt_framework::Place; std::string = std::__cxx11::basic_string<char>; rclcpp::Node::SharedPtr = std::shared_ptr<rclcpp::Node>][m[Kâ€™
[5.628s] [01m[K/home/ram/ras_docker/ros2_pkgs/ras_bt_framework/include/gen_primitives/Place.hpp:11:5:[m[K   required from here
[5.628s] [01m[K/home/ram/ras_docker/ros2_pkgs/ras_bt_framework/include/ras_bt_framework/PrimitiveBehavior.hpp:56:46:[m[K [01;35m[Kwarning: [m[Kformat â€˜[01m[K%d[m[Kâ€™ expects argument of type â€˜[01m[Kint[m[Kâ€™, but argument 6 has type â€˜[01m[KBT::NodeStatus[m[Kâ€™ [[01;35m[K]8;;https://gcc.gnu.org/onlinedocs/gcc/Warning-Options.html#index-Wformat=-Wformat=]8;;[m[K]
[5.628s]    56 |             RCLCPP_INFO(node_->get_logger(), [01;35m[K"%s executed with status %d"[m[K,this->name().c_str(),[32m[Kstatus[m[K);
[5.628s]       |                                              [01;35m[K^~~~~~~~~~~~~~~~~~~~~~~~~~~~[m[K                      [32m[K~~~~~~[m[K
[5.628s]       |                                                                                                [32m[K|[m[K
[5.628s]       |                                                                                                [32m[KBT::NodeStatus[m[K
[5.628s] In file included from [01m[K/home/ram/ras_docker/ros2_pkgs/ras_bt_framework/include/ras_bt_framework/BtFactory.hpp:26[m[K,
[5.628s]                  from [01m[K/home/ram/ras_docker/ros2_pkgs/ras_bt_framework/src/executor.cpp:24[m[K:
[5.628s] [01m[K/home/ram/ras_docker/ros2_pkgs/ras_bt_framework/include/ras_bt_framework/PrimitiveBehavior.hpp:56:72:[m[K [01;36m[Knote: [m[Kformat string is defined here
[5.628s]    56 |             RCLCPP_INFO(node_->get_logger(), "%s executed with status [01;36m[K%d[m[K",this->name().c_str(),status);
[5.628s]       |                                                                       [01;36m[K~^[m[K
[5.629s]       |                                                                        [01;36m[K|[m[K
[5.629s]       |                                                                        [01;36m[Kint[m[K
[5.629s] [01m[K/home/ram/ras_docker/ros2_pkgs/ras_bt_framework/include/ras_bt_framework/PrimitiveBehavior.hpp:55:47:[m[K [01;35m[Kwarning: [m[Kunused parameter â€˜[01m[Knode[m[Kâ€™ [[01;35m[K]8;;https://gcc.gnu.org/onlinedocs/gcc/Warning-Options.html#index-Wunused-parameter-Wunused-parameter]8;;[m[K]
[5.629s]    55 |         BT::NodeStatus postTick([01;35m[KBT::TreeNode &node[m[K, BT::NodeStatus status){
[5.629s]       |                                 [01;35m[K~~~~~~~~~~~~~~^~~~[m[K
[7.958s] gmake[2]: *** [CMakeFiles/executor.dir/build.make:76: CMakeFiles/executor.dir/src/executor.cpp.o] Error 1
[7.958s] gmake[2]: *** Waiting for unfinished jobs....
[9.377s] gmake[1]: *** [CMakeFiles/Makefile2:168: CMakeFiles/executor.dir/all] Error 2
[9.377s] gmake: *** [Makefile:146: all] Error 2
[9.380s] Invoked command in '/home/ram/ras_docker/ros2_pkgs/ras_bt_framework/build/ras_bt_framework' returned '2': CMAKE_PREFIX_PATH=${CMAKE_PREFIX_PATH}:/opt/ros/humble /usr/bin/cmake --build /home/ram/ras_docker/ros2_pkgs/ras_bt_framework/build/ras_bt_framework -- -j12 -l12
